{"/home/travis/build/npmtest/node-npmtest-bootstrap-validator/test.js":{"path":"/home/travis/build/npmtest/node-npmtest-bootstrap-validator/test.js","s":{"1":2,"2":2,"3":2,"4":2,"5":2,"6":2,"7":2,"8":1,"9":2,"10":2,"11":1,"12":1,"13":1,"14":1,"15":2,"16":2,"17":2,"18":2,"19":1,"20":1,"21":2,"22":2,"23":2,"24":1,"25":1,"26":1,"27":1,"28":1,"29":1,"30":1,"31":1,"32":1,"33":1,"34":1,"35":1,"36":1,"37":1,"38":1,"39":2,"40":2,"41":1,"42":2,"43":2,"44":1,"45":2,"46":2,"47":1,"48":2,"49":2,"50":1,"51":1,"52":1,"53":1,"54":1},"b":{"1":[2,1,1,1],"2":[1,1,1,1],"3":[1,1],"4":[1,1],"5":[1,1],"6":[1,1],"7":[1,1],"8":[1,1],"9":[1,1],"10":[1,1,1],"11":[1,1],"12":[1,1],"13":[1,1],"14":[1,1],"15":[1,1],"16":[1,1],"17":[1,1]},"f":{"1":2,"2":2,"3":2,"4":2,"5":2,"6":1,"7":1,"8":1,"9":2,"10":2,"11":2,"12":2,"13":1},"fnMap":{"1":{"name":"(anonymous_1)","line":12,"loc":{"start":{"line":12,"column":1},"end":{"line":12,"column":13}}},"2":{"name":"(anonymous_2)","line":19,"loc":{"start":{"line":19,"column":5},"end":{"line":19,"column":17}}},"3":{"name":"(anonymous_3)","line":23,"loc":{"start":{"line":23,"column":24},"end":{"line":23,"column":36}}},"4":{"name":"(anonymous_4)","line":61,"loc":{"start":{"line":61,"column":5},"end":{"line":61,"column":17}}},"5":{"name":"(anonymous_5)","line":82,"loc":{"start":{"line":82,"column":5},"end":{"line":82,"column":17}}},"6":{"name":"(anonymous_6)","line":91,"loc":{"start":{"line":91,"column":77},"end":{"line":94,"column":10}}},"7":{"name":"(anonymous_7)","line":112,"loc":{"start":{"line":112,"column":83},"end":{"line":115,"column":10}},"skip":true},"8":{"name":"(anonymous_8)","line":123,"loc":{"start":{"line":123,"column":77},"end":{"line":126,"column":10}},"skip":true},"9":{"name":"(anonymous_9)","line":139,"loc":{"start":{"line":139,"column":12},"end":{"line":139,"column":40}},"skip":true},"10":{"name":"(anonymous_10)","line":147,"loc":{"start":{"line":147,"column":77},"end":{"line":150,"column":10}},"skip":true},"11":{"name":"(anonymous_11)","line":158,"loc":{"start":{"line":158,"column":83},"end":{"line":161,"column":10}},"skip":true},"12":{"name":"(anonymous_12)","line":169,"loc":{"start":{"line":169,"column":79},"end":{"line":172,"column":10}},"skip":true},"13":{"name":"(anonymous_13)","line":180,"loc":{"start":{"line":180,"column":75},"end":{"line":183,"column":10}},"skip":true}},"statementMap":{"1":{"start":{"line":12,"column":0},"end":{"line":195,"column":5}},"2":{"start":{"line":14,"column":4},"end":{"line":14,"column":14}},"3":{"start":{"line":19,"column":4},"end":{"line":56,"column":9}},"4":{"start":{"line":21,"column":8},"end":{"line":21,"column":19}},"5":{"start":{"line":23,"column":8},"end":{"line":35,"column":13}},"6":{"start":{"line":24,"column":12},"end":{"line":34,"column":13}},"7":{"start":{"line":25,"column":16},"end":{"line":28,"column":30}},"8":{"start":{"line":30,"column":16},"end":{"line":33,"column":27}},"9":{"start":{"line":37,"column":8},"end":{"line":39,"column":21}},"10":{"start":{"line":40,"column":8},"end":{"line":53,"column":9}},"11":{"start":{"line":43,"column":12},"end":{"line":46,"column":14}},"12":{"start":{"line":47,"column":12},"end":{"line":47,"column":18}},"13":{"start":{"line":50,"column":12},"end":{"line":51,"column":46}},"14":{"start":{"line":52,"column":12},"end":{"line":52,"column":18}},"15":{"start":{"line":55,"column":8},"end":{"line":55,"column":35}},"16":{"start":{"line":61,"column":4},"end":{"line":63,"column":9}},"17":{"start":{"line":62,"column":8},"end":{"line":62,"column":15}},"18":{"start":{"line":64,"column":4},"end":{"line":77,"column":5}},"19":{"start":{"line":70,"column":8},"end":{"line":70,"column":14}},"20":{"start":{"line":76,"column":8},"end":{"line":76,"column":14}},"21":{"start":{"line":82,"column":4},"end":{"line":84,"column":9}},"22":{"start":{"line":83,"column":8},"end":{"line":83,"column":15}},"23":{"start":{"line":85,"column":4},"end":{"line":194,"column":5}},"24":{"start":{"line":91,"column":8},"end":{"line":99,"column":10}},"25":{"start":{"line":98,"column":12},"end":{"line":98,"column":35}},"26":{"start":{"line":102,"column":8},"end":{"line":104,"column":63}},"27":{"start":{"line":105,"column":8},"end":{"line":105,"column":14}},"28":{"start":{"line":112,"column":8},"end":{"line":121,"column":10},"skip":true},"29":{"start":{"line":119,"column":12},"end":{"line":119,"column":55},"skip":true},"30":{"start":{"line":120,"column":12},"end":{"line":120,"column":48},"skip":true},"31":{"start":{"line":123,"column":8},"end":{"line":136,"column":10},"skip":true},"32":{"start":{"line":130,"column":12},"end":{"line":130,"column":76},"skip":true},"33":{"start":{"line":131,"column":12},"end":{"line":131,"column":73},"skip":true},"34":{"start":{"line":132,"column":12},"end":{"line":132,"column":74},"skip":true},"35":{"start":{"line":133,"column":12},"end":{"line":133,"column":79},"skip":true},"36":{"start":{"line":134,"column":12},"end":{"line":134,"column":25},"skip":true},"37":{"start":{"line":135,"column":12},"end":{"line":135,"column":45},"skip":true},"38":{"start":{"line":138,"column":8},"end":{"line":145,"column":14},"skip":true},"39":{"start":{"line":143,"column":16},"end":{"line":143,"column":29},"skip":true},"40":{"start":{"line":144,"column":16},"end":{"line":144,"column":55},"skip":true},"41":{"start":{"line":147,"column":8},"end":{"line":156,"column":10},"skip":true},"42":{"start":{"line":154,"column":12},"end":{"line":154,"column":25},"skip":true},"43":{"start":{"line":155,"column":12},"end":{"line":155,"column":45},"skip":true},"44":{"start":{"line":158,"column":8},"end":{"line":167,"column":10},"skip":true},"45":{"start":{"line":165,"column":12},"end":{"line":165,"column":25},"skip":true},"46":{"start":{"line":166,"column":12},"end":{"line":166,"column":48},"skip":true},"47":{"start":{"line":169,"column":8},"end":{"line":178,"column":10},"skip":true},"48":{"start":{"line":176,"column":12},"end":{"line":176,"column":25},"skip":true},"49":{"start":{"line":177,"column":12},"end":{"line":177,"column":46},"skip":true},"50":{"start":{"line":180,"column":8},"end":{"line":189,"column":10},"skip":true},"51":{"start":{"line":187,"column":12},"end":{"line":187,"column":94},"skip":true},"52":{"start":{"line":188,"column":12},"end":{"line":188,"column":48},"skip":true},"53":{"start":{"line":192,"column":8},"end":{"line":192,"column":35},"skip":true},"54":{"start":{"line":193,"column":8},"end":{"line":193,"column":14},"skip":true}},"branchMap":{"1":{"line":25,"type":"binary-expr","locations":[{"start":{"line":25,"column":23},"end":{"line":25,"column":62}},{"start":{"line":26,"column":20},"end":{"line":26,"column":70}},{"start":{"line":27,"column":20},"end":{"line":27,"column":71}},{"start":{"line":28,"column":20},"end":{"line":28,"column":29}}]},"2":{"line":30,"type":"binary-expr","locations":[{"start":{"line":30,"column":23},"end":{"line":30,"column":37}},{"start":{"line":31,"column":20},"end":{"line":31,"column":61}},{"start":{"line":32,"column":20},"end":{"line":32,"column":70}},{"start":{"line":33,"column":20},"end":{"line":33,"column":26}}]},"3":{"line":37,"type":"cond-expr","locations":[{"start":{"line":38,"column":14},"end":{"line":38,"column":20}},{"start":{"line":39,"column":14},"end":{"line":39,"column":20}}]},"4":{"line":40,"type":"switch","locations":[{"start":{"line":42,"column":8},"end":{"line":47,"column":18}},{"start":{"line":49,"column":8},"end":{"line":52,"column":18}}]},"5":{"line":44,"type":"binary-expr","locations":[{"start":{"line":44,"column":16},"end":{"line":44,"column":44}},{"start":{"line":44,"column":48},"end":{"line":44,"column":66}}]},"6":{"line":50,"type":"binary-expr","locations":[{"start":{"line":50,"column":21},"end":{"line":50,"column":49}},{"start":{"line":50,"column":53},"end":{"line":50,"column":72}}]},"7":{"line":64,"type":"switch","locations":[{"start":{"line":69,"column":4},"end":{"line":70,"column":14}},{"start":{"line":75,"column":4},"end":{"line":76,"column":14}}]},"8":{"line":85,"type":"switch","locations":[{"start":{"line":90,"column":4},"end":{"line":105,"column":14}},{"start":{"line":111,"column":4},"end":{"line":193,"column":14},"skip":true}]},"9":{"line":91,"type":"binary-expr","locations":[{"start":{"line":91,"column":42},"end":{"line":91,"column":73}},{"start":{"line":91,"column":77},"end":{"line":99,"column":9}}]},"10":{"line":102,"type":"binary-expr","locations":[{"start":{"line":102,"column":18},"end":{"line":102,"column":32}},{"start":{"line":103,"column":12},"end":{"line":103,"column":53}},{"start":{"line":104,"column":12},"end":{"line":104,"column":61}}]},"11":{"line":112,"type":"binary-expr","locations":[{"start":{"line":112,"column":45},"end":{"line":112,"column":79},"skip":true},{"start":{"line":112,"column":83},"end":{"line":121,"column":9},"skip":true}]},"12":{"line":123,"type":"binary-expr","locations":[{"start":{"line":123,"column":42},"end":{"line":123,"column":73},"skip":true},{"start":{"line":123,"column":77},"end":{"line":136,"column":9},"skip":true}]},"13":{"line":138,"type":"binary-expr","locations":[{"start":{"line":138,"column":48},"end":{"line":138,"column":85},"skip":true},{"start":{"line":139,"column":12},"end":{"line":145,"column":13},"skip":true}]},"14":{"line":147,"type":"binary-expr","locations":[{"start":{"line":147,"column":42},"end":{"line":147,"column":73},"skip":true},{"start":{"line":147,"column":77},"end":{"line":156,"column":9},"skip":true}]},"15":{"line":158,"type":"binary-expr","locations":[{"start":{"line":158,"column":45},"end":{"line":158,"column":79},"skip":true},{"start":{"line":158,"column":83},"end":{"line":167,"column":9},"skip":true}]},"16":{"line":169,"type":"binary-expr","locations":[{"start":{"line":169,"column":43},"end":{"line":169,"column":75},"skip":true},{"start":{"line":169,"column":79},"end":{"line":178,"column":9},"skip":true}]},"17":{"line":180,"type":"binary-expr","locations":[{"start":{"line":180,"column":41},"end":{"line":180,"column":71},"skip":true},{"start":{"line":180,"column":75},"end":{"line":189,"column":9},"skip":true}]}},"code":["/* istanbul instrument in package npmtest_bootstrap_validator */","/*jslint","    bitwise: true,","    browser: true,","    maxerr: 8,","    maxlen: 96,","    node: true,","    nomen: true,","    regexp: true,","    stupid: true","*/","(function () {","    'use strict';","    var local;","","","","    // run shared js-env code - pre-init","    (function () {","        // init local","        local = {};","        // init modeJs","        local.modeJs = (function () {","            try {","                return typeof navigator.userAgent === 'string' &&","                    typeof document.querySelector('body') === 'object' &&","                    typeof XMLHttpRequest.prototype.open === 'function' &&","                    'browser';","            } catch (errorCaughtBrowser) {","                return module.exports &&","                    typeof process.versions.node === 'string' &&","                    typeof require('http').createServer === 'function' &&","                    'node';","            }","        }());","        // init global","        local.global = local.modeJs === 'browser'","            ? window","            : global;","        switch (local.modeJs) {","        // re-init local from window.local","        case 'browser':","            local = local.global.utility2.objectSetDefault(","                local.global.utility2_rollup || local.global.local,","                local.global.utility2","            );","            break;","        // re-init local from example.js","        case 'node':","            local = (local.global.utility2_rollup || require('utility2'))","                .requireExampleJsFromReadme();","            break;","        }","        // export local","        local.global.local = local;","    }());","","","","    // run shared js-env code - function","    (function () {","        return;","    }());","    switch (local.modeJs) {","","","","    // run browser js-env code - function","    case 'browser':","        break;","","","","    // run node js-env code - function","    case 'node':","        break;","    }","","","","    // run shared js-env code - post-init","    (function () {","        return;","    }());","    switch (local.modeJs) {","","","","    // run browser js-env code - post-init","    case 'browser':","        local.testCase_browser_nullCase = local.testCase_browser_nullCase || function (","            options,","            onError","        ) {","        /*","         * this function will test browsers's null-case handling-behavior-behavior","         */","            onError(null, options);","        };","","        // run tests","        local.nop(local.modeTest &&","            document.querySelector('#testRunButton1') &&","            document.querySelector('#testRunButton1').click());","        break;","","","","    // run node js-env code - post-init","    /* istanbul ignore next */","    case 'node':","        local.testCase_buildApidoc_default = local.testCase_buildApidoc_default || function (","            options,","            onError","        ) {","        /*","         * this function will test buildApidoc's default handling-behavior-behavior","         */","            options = { modulePathList: module.paths };","            local.buildApidoc(options, onError);","        };","","        local.testCase_buildApp_default = local.testCase_buildApp_default || function (","            options,","            onError","        ) {","        /*","         * this function will test buildApp's default handling-behavior-behavior","         */","            local.testCase_buildReadme_default(options, local.onErrorThrow);","            local.testCase_buildLib_default(options, local.onErrorThrow);","            local.testCase_buildTest_default(options, local.onErrorThrow);","            local.testCase_buildCustomOrg_default(options, local.onErrorThrow);","            options = [];","            local.buildApp(options, onError);","        };","","        local.testCase_buildCustomOrg_default = local.testCase_buildCustomOrg_default ||","            function (options, onError) {","            /*","             * this function will test buildCustomOrg's default handling-behavior","             */","                options = {};","                local.buildCustomOrg(options, onError);","            };","","        local.testCase_buildLib_default = local.testCase_buildLib_default || function (","            options,","            onError","        ) {","        /*","         * this function will test buildLib's default handling-behavior","         */","            options = {};","            local.buildLib(options, onError);","        };","","        local.testCase_buildReadme_default = local.testCase_buildReadme_default || function (","            options,","            onError","        ) {","        /*","         * this function will test buildReadme's default handling-behavior-behavior","         */","            options = {};","            local.buildReadme(options, onError);","        };","","        local.testCase_buildTest_default = local.testCase_buildTest_default || function (","            options,","            onError","        ) {","        /*","         * this function will test buildTest's default handling-behavior","         */","            options = {};","            local.buildTest(options, onError);","        };","","        local.testCase_webpage_default = local.testCase_webpage_default || function (","            options,","            onError","        ) {","        /*","         * this function will test webpage's default handling-behavior","         */","            options = { modeCoverageMerge: true, url: local.serverLocalHost + '?modeTest=1' };","            local.browserTest(options, onError);","        };","","        // run test-server","        local.testRunServer(local);","        break;","    }","}());",""],"l":{"12":2,"14":2,"19":2,"21":2,"23":2,"24":2,"25":2,"30":1,"37":2,"40":2,"43":1,"47":1,"50":1,"52":1,"55":2,"61":2,"62":2,"64":2,"70":1,"76":1,"82":2,"83":2,"85":2,"91":1,"98":1,"102":1,"105":1,"112":1,"119":1,"120":1,"123":1,"130":1,"131":1,"132":1,"133":1,"134":1,"135":1,"138":1,"143":2,"144":2,"147":1,"154":2,"155":2,"158":1,"165":2,"166":2,"169":1,"176":2,"177":2,"180":1,"187":1,"188":1,"192":1,"193":1}},"/home/travis/build/npmtest/node-npmtest-bootstrap-validator/lib.npmtest_bootstrap_validator.js":{"path":"/home/travis/build/npmtest/node-npmtest-bootstrap-validator/lib.npmtest_bootstrap_validator.js","s":{"1":2,"2":2,"3":2,"4":2,"5":2,"6":2,"7":2,"8":1,"9":2,"10":2,"11":2,"12":2,"13":1,"14":1,"15":1,"16":1},"b":{"1":[2,1,1,1],"2":[1,1,1,1],"3":[1,1],"4":[2,2],"5":[1,1]},"f":{"1":2,"2":2,"3":2},"fnMap":{"1":{"name":"(anonymous_1)","line":12,"loc":{"start":{"line":12,"column":1},"end":{"line":12,"column":13}}},"2":{"name":"(anonymous_2)","line":19,"loc":{"start":{"line":19,"column":5},"end":{"line":19,"column":17}}},"3":{"name":"(anonymous_3)","line":23,"loc":{"start":{"line":23,"column":24},"end":{"line":23,"column":36}}}},"statementMap":{"1":{"start":{"line":12,"column":0},"end":{"line":53,"column":5}},"2":{"start":{"line":14,"column":4},"end":{"line":14,"column":14}},"3":{"start":{"line":19,"column":4},"end":{"line":52,"column":9}},"4":{"start":{"line":21,"column":8},"end":{"line":21,"column":19}},"5":{"start":{"line":23,"column":8},"end":{"line":35,"column":13}},"6":{"start":{"line":24,"column":12},"end":{"line":34,"column":13}},"7":{"start":{"line":25,"column":16},"end":{"line":28,"column":30}},"8":{"start":{"line":30,"column":16},"end":{"line":33,"column":27}},"9":{"start":{"line":37,"column":8},"end":{"line":39,"column":21}},"10":{"start":{"line":41,"column":8},"end":{"line":41,"column":54}},"11":{"start":{"line":43,"column":8},"end":{"line":43,"column":64}},"12":{"start":{"line":45,"column":8},"end":{"line":51,"column":9}},"13":{"start":{"line":46,"column":12},"end":{"line":46,"column":70}},"14":{"start":{"line":48,"column":12},"end":{"line":48,"column":35}},"15":{"start":{"line":49,"column":12},"end":{"line":49,"column":49}},"16":{"start":{"line":50,"column":12},"end":{"line":50,"column":43}}},"branchMap":{"1":{"line":25,"type":"binary-expr","locations":[{"start":{"line":25,"column":23},"end":{"line":25,"column":62}},{"start":{"line":26,"column":20},"end":{"line":26,"column":70}},{"start":{"line":27,"column":20},"end":{"line":27,"column":71}},{"start":{"line":28,"column":20},"end":{"line":28,"column":29}}]},"2":{"line":30,"type":"binary-expr","locations":[{"start":{"line":30,"column":23},"end":{"line":30,"column":37}},{"start":{"line":31,"column":20},"end":{"line":31,"column":61}},{"start":{"line":32,"column":20},"end":{"line":32,"column":70}},{"start":{"line":33,"column":20},"end":{"line":33,"column":26}}]},"3":{"line":37,"type":"cond-expr","locations":[{"start":{"line":38,"column":14},"end":{"line":38,"column":20}},{"start":{"line":39,"column":14},"end":{"line":39,"column":20}}]},"4":{"line":41,"type":"binary-expr","locations":[{"start":{"line":41,"column":16},"end":{"line":41,"column":44}},{"start":{"line":41,"column":48},"end":{"line":41,"column":53}}]},"5":{"line":45,"type":"if","locations":[{"start":{"line":45,"column":8},"end":{"line":45,"column":8}},{"start":{"line":45,"column":8},"end":{"line":45,"column":8}}]}},"code":["/* istanbul instrument in package npmtest_bootstrap_validator */","/*jslint","    bitwise: true,","    browser: true,","    maxerr: 8,","    maxlen: 96,","    node: true,","    nomen: true,","    regexp: true,","    stupid: true","*/","(function () {","    'use strict';","    var local;","","","","    // run shared js-env code - pre-init","    (function () {","        // init local","        local = {};","        // init modeJs","        local.modeJs = (function () {","            try {","                return typeof navigator.userAgent === 'string' &&","                    typeof document.querySelector('body') === 'object' &&","                    typeof XMLHttpRequest.prototype.open === 'function' &&","                    'browser';","            } catch (errorCaughtBrowser) {","                return module.exports &&","                    typeof process.versions.node === 'string' &&","                    typeof require('http').createServer === 'function' &&","                    'node';","            }","        }());","        // init global","        local.global = local.modeJs === 'browser'","            ? window","            : global;","        // init utility2_rollup","        local = local.global.utility2_rollup || local;","        // init lib","        local.local = local.npmtest_bootstrap_validator = local;","        // init exports","        if (local.modeJs === 'browser') {","            local.global.utility2_npmtest_bootstrap_validator = local;","        } else {","            module.exports = local;","            module.exports.__dirname = __dirname;","            module.exports.module = module;","        }","    }());","}());",""],"l":{"12":2,"14":2,"19":2,"21":2,"23":2,"24":2,"25":2,"30":1,"37":2,"41":2,"43":2,"45":2,"46":1,"48":1,"49":1,"50":1}},"/home/travis/build/npmtest/node-npmtest-bootstrap-validator/example.js":{"path":"/home/travis/build/npmtest/node-npmtest-bootstrap-validator/example.js","s":{"1":2,"2":2,"3":2,"4":2,"5":2,"6":2,"7":2,"8":1,"9":2,"10":2,"11":2,"12":2,"13":1,"14":2,"15":2,"16":2,"17":2,"18":2,"19":0,"20":2,"21":1,"22":1,"23":1,"24":1,"25":1,"26":0,"27":0,"28":1,"29":1,"30":2,"31":0,"32":0,"33":0,"34":1,"35":2,"36":2,"37":3,"38":3,"39":3,"40":3,"41":0,"42":3,"43":3,"44":3,"45":1,"46":3,"47":1,"48":1,"49":1,"50":1,"51":1,"52":1,"53":1,"54":1,"55":1,"56":1,"57":0,"58":1,"59":6,"60":6,"61":1,"62":2,"63":0,"64":2,"65":1,"66":1,"67":0,"68":0,"69":0,"70":0,"71":0,"72":0,"73":0,"74":0,"75":0,"76":0,"77":0,"78":0,"79":0,"80":0,"81":0,"82":0,"83":0},"b":{"1":[2,1,1,1],"2":[1,1,1,1],"3":[1,1],"4":[2,2],"5":[1,1],"6":[1,1],"7":[2,0],"8":[2,1,1,1,1,1],"9":[0,2,0],"10":[1,1],"11":[2,1,1],"12":[1,0],"13":[0,2],"14":[2,0,0,0,0,0,0],"15":[0,3],"16":[3,0],"17":[1,1],"18":[0,1],"19":[1,2,0,2],"20":[1,0],"21":[1,1],"22":[0,0],"23":[0,0],"24":[0,0],"25":[0,0],"26":[0,0],"27":[0,0],"28":[0,0]},"f":{"1":2,"2":2,"3":2,"4":2,"5":2,"6":2,"7":3,"8":3,"9":3,"10":1,"11":6,"12":0},"fnMap":{"1":{"name":"(anonymous_1)","line":26,"loc":{"start":{"line":26,"column":1},"end":{"line":26,"column":13}}},"2":{"name":"(anonymous_2)","line":33,"loc":{"start":{"line":33,"column":5},"end":{"line":33,"column":17}}},"3":{"name":"(anonymous_3)","line":37,"loc":{"start":{"line":37,"column":24},"end":{"line":37,"column":36}}},"4":{"name":"(anonymous_4)","line":69,"loc":{"start":{"line":69,"column":31},"end":{"line":69,"column":48}},"skip":true},"5":{"name":"(anonymous_5)","line":78,"loc":{"start":{"line":78,"column":26},"end":{"line":78,"column":45}},"skip":true},"6":{"name":"(anonymous_6)","line":123,"loc":{"start":{"line":123,"column":33},"end":{"line":123,"column":48}},"skip":true},"7":{"name":"(anonymous_7)","line":125,"loc":{"start":{"line":125,"column":27},"end":{"line":125,"column":39}},"skip":true},"8":{"name":"(anonymous_8)","line":133,"loc":{"start":{"line":133,"column":59},"end":{"line":133,"column":74}},"skip":true},"9":{"name":"(anonymous_9)","line":143,"loc":{"start":{"line":143,"column":45},"end":{"line":143,"column":62}},"skip":true},"10":{"name":"(anonymous_10)","line":144,"loc":{"start":{"line":144,"column":73},"end":{"line":144,"column":92}},"skip":true},"11":{"name":"(anonymous_11)","line":272,"loc":{"start":{"line":272,"column":51},"end":{"line":272,"column":77}},"skip":true},"12":{"name":"(anonymous_12)","line":315,"loc":{"start":{"line":315,"column":32},"end":{"line":315,"column":61}},"skip":true}},"statementMap":{"1":{"start":{"line":26,"column":0},"end":{"line":326,"column":5}},"2":{"start":{"line":28,"column":4},"end":{"line":28,"column":14}},"3":{"start":{"line":33,"column":4},"end":{"line":60,"column":9}},"4":{"start":{"line":35,"column":8},"end":{"line":35,"column":19}},"5":{"start":{"line":37,"column":8},"end":{"line":49,"column":13}},"6":{"start":{"line":38,"column":12},"end":{"line":48,"column":13}},"7":{"start":{"line":39,"column":16},"end":{"line":42,"column":30}},"8":{"start":{"line":44,"column":16},"end":{"line":47,"column":27}},"9":{"start":{"line":51,"column":8},"end":{"line":53,"column":21}},"10":{"start":{"line":55,"column":8},"end":{"line":57,"column":45}},"11":{"start":{"line":59,"column":8},"end":{"line":59,"column":35}},"12":{"start":{"line":61,"column":4},"end":{"line":325,"column":5}},"13":{"start":{"line":69,"column":8},"end":{"line":121,"column":10},"skip":true},"14":{"start":{"line":70,"column":12},"end":{"line":88,"column":13},"skip":true},"15":{"start":{"line":76,"column":16},"end":{"line":87,"column":19},"skip":true},"16":{"start":{"line":79,"column":20},"end":{"line":86,"column":21},"skip":true},"17":{"start":{"line":82,"column":24},"end":{"line":82,"column":43},"skip":true},"18":{"start":{"line":83,"column":24},"end":{"line":83,"column":30},"skip":true},"19":{"start":{"line":85,"column":24},"end":{"line":85,"column":49},"skip":true},"20":{"start":{"line":89,"column":12},"end":{"line":107,"column":13},"skip":true},"21":{"start":{"line":92,"column":16},"end":{"line":102,"column":17},"skip":true},"22":{"start":{"line":93,"column":20},"end":{"line":93,"column":86},"skip":true},"23":{"start":{"line":94,"column":20},"end":{"line":95,"column":45},"skip":true},"24":{"start":{"line":96,"column":20},"end":{"line":96,"column":42},"skip":true},"25":{"start":{"line":97,"column":20},"end":{"line":97,"column":48},"skip":true},"26":{"start":{"line":100,"column":20},"end":{"line":100,"column":85},"skip":true},"27":{"start":{"line":101,"column":20},"end":{"line":101,"column":96},"skip":true},"28":{"start":{"line":103,"column":16},"end":{"line":103,"column":22},"skip":true},"29":{"start":{"line":106,"column":16},"end":{"line":106,"column":22},"skip":true},"30":{"start":{"line":108,"column":12},"end":{"line":120,"column":13},"skip":true},"31":{"start":{"line":114,"column":16},"end":{"line":119,"column":17},"skip":true},"32":{"start":{"line":116,"column":20},"end":{"line":116,"column":78},"skip":true},"33":{"start":{"line":118,"column":20},"end":{"line":118,"column":47},"skip":true},"34":{"start":{"line":123,"column":8},"end":{"line":141,"column":11},"skip":true},"35":{"start":{"line":124,"column":12},"end":{"line":124,"column":54},"skip":true},"36":{"start":{"line":125,"column":12},"end":{"line":140,"column":14},"skip":true},"37":{"start":{"line":126,"column":16},"end":{"line":126,"column":28},"skip":true},"38":{"start":{"line":127,"column":16},"end":{"line":127,"column":69},"skip":true},"39":{"start":{"line":128,"column":16},"end":{"line":128,"column":75},"skip":true},"40":{"start":{"line":129,"column":16},"end":{"line":131,"column":17},"skip":true},"41":{"start":{"line":130,"column":20},"end":{"line":130,"column":27},"skip":true},"42":{"start":{"line":133,"column":16},"end":{"line":137,"column":36},"skip":true},"43":{"start":{"line":134,"column":20},"end":{"line":136,"column":55},"skip":true},"44":{"start":{"line":139,"column":16},"end":{"line":139,"column":57},"skip":true},"45":{"start":{"line":143,"column":8},"end":{"line":147,"column":11},"skip":true},"46":{"start":{"line":144,"column":12},"end":{"line":146,"column":15},"skip":true},"47":{"start":{"line":145,"column":16},"end":{"line":145,"column":70},"skip":true},"48":{"start":{"line":149,"column":8},"end":{"line":149,"column":31},"skip":true},"49":{"start":{"line":150,"column":8},"end":{"line":150,"column":14},"skip":true},"50":{"start":{"line":158,"column":8},"end":{"line":158,"column":31},"skip":true},"51":{"start":{"line":160,"column":8},"end":{"line":160,"column":33},"skip":true},"52":{"start":{"line":161,"column":8},"end":{"line":161,"column":37},"skip":true},"53":{"start":{"line":162,"column":8},"end":{"line":162,"column":35},"skip":true},"54":{"start":{"line":164,"column":8},"end":{"line":164,"column":50},"skip":true},"55":{"start":{"line":166,"column":8},"end":{"line":256,"column":2},"skip":true},"56":{"start":{"line":258,"column":8},"end":{"line":286,"column":9},"skip":true},"57":{"start":{"line":259,"column":12},"end":{"line":269,"column":14},"skip":true},"58":{"start":{"line":271,"column":12},"end":{"line":285,"column":19},"skip":true},"59":{"start":{"line":274,"column":20},"end":{"line":274,"column":35},"skip":true},"60":{"start":{"line":275,"column":20},"end":{"line":284,"column":21},"skip":true},"61":{"start":{"line":277,"column":24},"end":{"line":277,"column":64},"skip":true},"62":{"start":{"line":279,"column":24},"end":{"line":279,"column":40},"skip":true},"63":{"start":{"line":281,"column":24},"end":{"line":281,"column":40},"skip":true},"64":{"start":{"line":283,"column":24},"end":{"line":283,"column":39},"skip":true},"65":{"start":{"line":288,"column":8},"end":{"line":290,"column":9},"skip":true},"66":{"start":{"line":289,"column":12},"end":{"line":289,"column":18},"skip":true},"67":{"start":{"line":291,"column":8},"end":{"line":293,"column":54},"skip":true},"68":{"start":{"line":296,"column":8},"end":{"line":301,"column":37},"skip":true},"69":{"start":{"line":303,"column":8},"end":{"line":303,"column":82},"skip":true},"70":{"start":{"line":306,"column":8},"end":{"line":308,"column":9},"skip":true},"71":{"start":{"line":307,"column":12},"end":{"line":307,"column":82},"skip":true},"72":{"start":{"line":310,"column":8},"end":{"line":312,"column":9},"skip":true},"73":{"start":{"line":311,"column":12},"end":{"line":311,"column":18},"skip":true},"74":{"start":{"line":313,"column":8},"end":{"line":313,"column":54},"skip":true},"75":{"start":{"line":314,"column":8},"end":{"line":314,"column":69},"skip":true},"76":{"start":{"line":315,"column":8},"end":{"line":323,"column":36},"skip":true},"77":{"start":{"line":316,"column":12},"end":{"line":316,"column":61},"skip":true},"78":{"start":{"line":317,"column":12},"end":{"line":320,"column":13},"skip":true},"79":{"start":{"line":318,"column":16},"end":{"line":318,"column":75},"skip":true},"80":{"start":{"line":319,"column":16},"end":{"line":319,"column":23},"skip":true},"81":{"start":{"line":321,"column":12},"end":{"line":321,"column":38},"skip":true},"82":{"start":{"line":322,"column":12},"end":{"line":322,"column":27},"skip":true},"83":{"start":{"line":324,"column":8},"end":{"line":324,"column":14},"skip":true}},"branchMap":{"1":{"line":39,"type":"binary-expr","locations":[{"start":{"line":39,"column":23},"end":{"line":39,"column":62}},{"start":{"line":40,"column":20},"end":{"line":40,"column":70}},{"start":{"line":41,"column":20},"end":{"line":41,"column":71}},{"start":{"line":42,"column":20},"end":{"line":42,"column":29}}]},"2":{"line":44,"type":"binary-expr","locations":[{"start":{"line":44,"column":23},"end":{"line":44,"column":37}},{"start":{"line":45,"column":20},"end":{"line":45,"column":61}},{"start":{"line":46,"column":20},"end":{"line":46,"column":70}},{"start":{"line":47,"column":20},"end":{"line":47,"column":26}}]},"3":{"line":51,"type":"cond-expr","locations":[{"start":{"line":52,"column":14},"end":{"line":52,"column":20}},{"start":{"line":53,"column":14},"end":{"line":53,"column":20}}]},"4":{"line":55,"type":"binary-expr","locations":[{"start":{"line":55,"column":16},"end":{"line":55,"column":44}},{"start":{"line":55,"column":49},"end":{"line":57,"column":43}}]},"5":{"line":55,"type":"cond-expr","locations":[{"start":{"line":56,"column":14},"end":{"line":56,"column":63}},{"start":{"line":57,"column":14},"end":{"line":57,"column":43}}]},"6":{"line":61,"type":"switch","locations":[{"start":{"line":68,"column":4},"end":{"line":150,"column":14},"skip":true},{"start":{"line":156,"column":4},"end":{"line":324,"column":14},"skip":true}]},"7":{"line":70,"type":"if","locations":[{"start":{"line":70,"column":12},"end":{"line":70,"column":12},"skip":true},{"start":{"line":70,"column":12},"end":{"line":70,"column":12},"skip":true}]},"8":{"line":70,"type":"binary-expr","locations":[{"start":{"line":70,"column":16},"end":{"line":70,"column":22},"skip":true},{"start":{"line":70,"column":27},"end":{"line":70,"column":32},"skip":true},{"start":{"line":71,"column":20},"end":{"line":71,"column":39},"skip":true},{"start":{"line":72,"column":20},"end":{"line":72,"column":49},"skip":true},{"start":{"line":73,"column":20},"end":{"line":73,"column":58},"skip":true},{"start":{"line":74,"column":20},"end":{"line":74,"column":69},"skip":true}]},"9":{"line":79,"type":"switch","locations":[{"start":{"line":80,"column":20},"end":{"line":80,"column":33},"skip":true},{"start":{"line":81,"column":20},"end":{"line":83,"column":30},"skip":true},{"start":{"line":84,"column":20},"end":{"line":85,"column":49},"skip":true}]},"10":{"line":89,"type":"switch","locations":[{"start":{"line":90,"column":12},"end":{"line":103,"column":22},"skip":true},{"start":{"line":105,"column":12},"end":{"line":106,"column":22},"skip":true}]},"11":{"line":89,"type":"binary-expr","locations":[{"start":{"line":89,"column":20},"end":{"line":89,"column":25},"skip":true},{"start":{"line":89,"column":29},"end":{"line":89,"column":48},"skip":true},{"start":{"line":89,"column":52},"end":{"line":89,"column":74},"skip":true}]},"12":{"line":92,"type":"if","locations":[{"start":{"line":92,"column":16},"end":{"line":92,"column":16},"skip":true},{"start":{"line":92,"column":16},"end":{"line":92,"column":16},"skip":true}]},"13":{"line":108,"type":"if","locations":[{"start":{"line":108,"column":12},"end":{"line":108,"column":12},"skip":true},{"start":{"line":108,"column":12},"end":{"line":108,"column":12},"skip":true}]},"14":{"line":108,"type":"binary-expr","locations":[{"start":{"line":108,"column":16},"end":{"line":108,"column":61},"skip":true},{"start":{"line":108,"column":66},"end":{"line":108,"column":72},"skip":true},{"start":{"line":108,"column":77},"end":{"line":108,"column":82},"skip":true},{"start":{"line":109,"column":20},"end":{"line":109,"column":39},"skip":true},{"start":{"line":110,"column":20},"end":{"line":110,"column":49},"skip":true},{"start":{"line":111,"column":20},"end":{"line":111,"column":58},"skip":true},{"start":{"line":112,"column":20},"end":{"line":112,"column":68},"skip":true}]},"15":{"line":129,"type":"if","locations":[{"start":{"line":129,"column":16},"end":{"line":129,"column":16},"skip":true},{"start":{"line":129,"column":16},"end":{"line":129,"column":16},"skip":true}]},"16":{"line":134,"type":"cond-expr","locations":[{"start":{"line":135,"column":26},"end":{"line":135,"column":29},"skip":true},{"start":{"line":136,"column":26},"end":{"line":136,"column":54},"skip":true}]},"17":{"line":164,"type":"binary-expr","locations":[{"start":{"line":164,"column":27},"end":{"line":164,"column":43},"skip":true},{"start":{"line":164,"column":47},"end":{"line":164,"column":49},"skip":true}]},"18":{"line":258,"type":"if","locations":[{"start":{"line":258,"column":8},"end":{"line":258,"column":8},"skip":true},{"start":{"line":258,"column":8},"end":{"line":258,"column":8},"skip":true}]},"19":{"line":275,"type":"switch","locations":[{"start":{"line":276,"column":20},"end":{"line":277,"column":64},"skip":true},{"start":{"line":278,"column":20},"end":{"line":279,"column":40},"skip":true},{"start":{"line":280,"column":20},"end":{"line":281,"column":40},"skip":true},{"start":{"line":282,"column":20},"end":{"line":283,"column":39},"skip":true}]},"20":{"line":288,"type":"if","locations":[{"start":{"line":288,"column":8},"end":{"line":288,"column":8},"skip":true},{"start":{"line":288,"column":8},"end":{"line":288,"column":8},"skip":true}]},"21":{"line":288,"type":"binary-expr","locations":[{"start":{"line":288,"column":12},"end":{"line":288,"column":40},"skip":true},{"start":{"line":288,"column":44},"end":{"line":288,"column":67},"skip":true}]},"22":{"line":292,"type":"binary-expr","locations":[{"start":{"line":292,"column":12},"end":{"line":292,"column":50},"skip":true},{"start":{"line":293,"column":12},"end":{"line":293,"column":53},"skip":true}]},"23":{"line":297,"type":"binary-expr","locations":[{"start":{"line":297,"column":12},"end":{"line":297,"column":77},"skip":true},{"start":{"line":298,"column":12},"end":{"line":301,"column":36},"skip":true}]},"24":{"line":303,"type":"binary-expr","locations":[{"start":{"line":303,"column":43},"end":{"line":303,"column":75},"skip":true},{"start":{"line":303,"column":79},"end":{"line":303,"column":81},"skip":true}]},"25":{"line":306,"type":"if","locations":[{"start":{"line":306,"column":8},"end":{"line":306,"column":8},"skip":true},{"start":{"line":306,"column":8},"end":{"line":306,"column":8},"skip":true}]},"26":{"line":310,"type":"if","locations":[{"start":{"line":310,"column":8},"end":{"line":310,"column":8},"skip":true},{"start":{"line":310,"column":8},"end":{"line":310,"column":8},"skip":true}]},"27":{"line":313,"type":"binary-expr","locations":[{"start":{"line":313,"column":27},"end":{"line":313,"column":43},"skip":true},{"start":{"line":313,"column":47},"end":{"line":313,"column":53},"skip":true}]},"28":{"line":317,"type":"if","locations":[{"start":{"line":317,"column":12},"end":{"line":317,"column":12},"skip":true},{"start":{"line":317,"column":12},"end":{"line":317,"column":12},"skip":true}]}},"code":["/*","example.js","","quickstart example","","instruction","    1. save this script as example.js","    2. run the shell command:","        $ npm install npmtest-bootstrap-validator && PORT=8081 node example.js","    3. play with the browser-demo on http://127.0.0.1:8081","*/","","","","/* istanbul instrument in package npmtest_bootstrap_validator */","/*jslint","    bitwise: true,","    browser: true,","    maxerr: 8,","    maxlen: 96,","    node: true,","    nomen: true,","    regexp: true,","    stupid: true","*/","(function () {","    'use strict';","    var local;","","","","    // run shared js-env code - pre-init","    (function () {","        // init local","        local = {};","        // init modeJs","        local.modeJs = (function () {","            try {","                return typeof navigator.userAgent === 'string' &&","                    typeof document.querySelector('body') === 'object' &&","                    typeof XMLHttpRequest.prototype.open === 'function' &&","                    'browser';","            } catch (errorCaughtBrowser) {","                return module.exports &&","                    typeof process.versions.node === 'string' &&","                    typeof require('http').createServer === 'function' &&","                    'node';","            }","        }());","        // init global","        local.global = local.modeJs === 'browser'","            ? window","            : global;","        // init utility2_rollup","        local = local.global.utility2_rollup || (local.modeJs === 'browser'","            ? local.global.utility2_npmtest_bootstrap_validator","            : global.utility2_moduleExports);","        // export local","        local.global.local = local;","    }());","    switch (local.modeJs) {","","","","    // post-init","    // run browser js-env code - post-init","    /* istanbul ignore next */","    case 'browser':","        local.testRunBrowser = function (event) {","            if (!event || (event &&","                    event.currentTarget &&","                    event.currentTarget.className &&","                    event.currentTarget.className.includes &&","                    event.currentTarget.className.includes('onreset'))) {","                // reset output","                Array.from(","                    document.querySelectorAll('body > .resettable')","                ).forEach(function (element) {","                    switch (element.tagName) {","                    case 'INPUT':","                    case 'TEXTAREA':","                        element.value = '';","                        break;","                    default:","                        element.textContent = '';","                    }","                });","            }","            switch (event && event.currentTarget && event.currentTarget.id) {","            case 'testRunButton1':","                // show tests","                if (document.querySelector('#testReportDiv1').style.display === 'none') {","                    document.querySelector('#testReportDiv1').style.display = 'block';","                    document.querySelector('#testRunButton1').textContent =","                        'hide internal test';","                    local.modeTest = true;","                    local.testRunDefault(local);","                // hide tests","                } else {","                    document.querySelector('#testReportDiv1').style.display = 'none';","                    document.querySelector('#testRunButton1').textContent = 'run internal test';","                }","                break;","            // custom-case","            default:","                break;","            }","            if (document.querySelector('#inputTextareaEval1') && (!event || (event &&","                    event.currentTarget &&","                    event.currentTarget.className &&","                    event.currentTarget.className.includes &&","                    event.currentTarget.className.includes('oneval')))) {","                // try to eval input-code","                try {","                    /*jslint evil: true*/","                    eval(document.querySelector('#inputTextareaEval1').value);","                } catch (errorCaught) {","                    console.error(errorCaught);","                }","            }","        };","        // log stderr and stdout to #outputTextareaStdout1","        ['error', 'log'].forEach(function (key) {","            console[key + '_original'] = console[key];","            console[key] = function () {","                var element;","                console[key + '_original'].apply(console, arguments);","                element = document.querySelector('#outputTextareaStdout1');","                if (!element) {","                    return;","                }","                // append text to #outputTextareaStdout1","                element.value += Array.from(arguments).map(function (arg) {","                    return typeof arg === 'string'","                        ? arg","                        : JSON.stringify(arg, null, 4);","                }).join(' ') + '\\n';","                // scroll textarea to bottom","                element.scrollTop = element.scrollHeight;","            };","        });","        // init event-handling","        ['change', 'click', 'keyup'].forEach(function (event) {","            Array.from(document.querySelectorAll('.on' + event)).forEach(function (element) {","                element.addEventListener(event, local.testRunBrowser);","            });","        });","        // run tests","        local.testRunBrowser();","        break;","","","","    // run node js-env code - post-init","    /* istanbul ignore next */","    case 'node':","        // export local","        module.exports = local;","        // require modules","        local.fs = require('fs');","        local.http = require('http');","        local.url = require('url');","        // init assets","        local.assetsDict = local.assetsDict || {};","        /* jslint-ignore-begin */","        local.assetsDict['/assets.index.template.html'] = '\\","<!doctype html>\\n\\","<html lang=\"en\">\\n\\","<head>\\n\\","<meta charset=\"UTF-8\">\\n\\","<meta name=\"viewport\" content=\"width=device-width, initial-scale=1\">\\n\\","<title>{{env.npm_package_name}} (v{{env.npm_package_version}})</title>\\n\\","<style>\\n\\","/*csslint\\n\\","    box-sizing: false,\\n\\","    universal-selector: false\\n\\","*/\\n\\","* {\\n\\","    box-sizing: border-box;\\n\\","}\\n\\","body {\\n\\","    background: #dde;\\n\\","    font-family: Arial, Helvetica, sans-serif;\\n\\","    margin: 2rem;\\n\\","}\\n\\","body > * {\\n\\","    margin-bottom: 1rem;\\n\\","}\\n\\",".utility2FooterDiv {\\n\\","    margin-top: 20px;\\n\\","    text-align: center;\\n\\","}\\n\\","</style>\\n\\","<style>\\n\\","/*csslint\\n\\","*/\\n\\","textarea {\\n\\","    font-family: monospace;\\n\\","    height: 10rem;\\n\\","    width: 100%;\\n\\","}\\n\\","textarea[readonly] {\\n\\","    background: #ddd;\\n\\","}\\n\\","</style>\\n\\","</head>\\n\\","<body>\\n\\","<!-- utility2-comment\\n\\","<div id=\"ajaxProgressDiv1\" style=\"background: #d00; height: 2px; left: 0; margin: 0; padding: 0; position: fixed; top: 0; transition: background 0.5s, width 1.5s; width: 25%;\"></div>\\n\\","utility2-comment -->\\n\\","<h1>\\n\\","<!-- utility2-comment\\n\\","    <a\\n\\","        {{#if env.npm_package_homepage}}\\n\\","        href=\"{{env.npm_package_homepage}}\"\\n\\","        {{/if env.npm_package_homepage}}\\n\\","        target=\"_blank\"\\n\\","    >\\n\\","utility2-comment -->\\n\\","        {{env.npm_package_name}} (v{{env.npm_package_version}})\\n\\","<!-- utility2-comment\\n\\","    </a>\\n\\","utility2-comment -->\\n\\","</h1>\\n\\","<h3>{{env.npm_package_description}}</h3>\\n\\","<!-- utility2-comment\\n\\","<h4><a download href=\"assets.app.js\">download standalone app</a></h4>\\n\\","<button class=\"onclick onreset\" id=\"testRunButton1\">run internal test</button><br>\\n\\","<div id=\"testReportDiv1\" style=\"display: none;\"></div>\\n\\","utility2-comment -->\\n\\","\\n\\","\\n\\","\\n\\","<label>stderr and stdout</label>\\n\\","<textarea class=\"resettable\" id=\"outputTextareaStdout1\" readonly></textarea>\\n\\","<!-- utility2-comment\\n\\","{{#if isRollup}}\\n\\","<script src=\"assets.app.js\"></script>\\n\\","{{#unless isRollup}}\\n\\","utility2-comment -->\\n\\","<script src=\"assets.utility2.rollup.js\"></script>\\n\\","<script src=\"jsonp.utility2._stateInit?callback=window.utility2._stateInit\"></script>\\n\\","<script src=\"assets.npmtest_bootstrap_validator.rollup.js\"></script>\\n\\","<script src=\"assets.example.js\"></script>\\n\\","<script src=\"assets.test.js\"></script>\\n\\","<!-- utility2-comment\\n\\","{{/if isRollup}}\\n\\","utility2-comment -->\\n\\","<div class=\"utility2FooterDiv\">\\n\\","    [ this app was created with\\n\\","    <a href=\"https://github.com/kaizhu256/node-utility2\" target=\"_blank\">utility2</a>\\n\\","    ]\\n\\","</div>\\n\\","</body>\\n\\","</html>\\n\\","';","        /* jslint-ignore-end */","        if (local.templateRender) {","            local.assetsDict['/'] = local.templateRender(","                local.assetsDict['/assets.index.template.html'],","                {","                    env: local.objectSetDefault(local.env, {","                        npm_package_description: 'the greatest app in the world!',","                        npm_package_name: 'my-app',","                        npm_package_nameAlias: 'my_app',","                        npm_package_version: '0.0.1'","                    })","                }","            );","        } else {","            local.assetsDict['/'] = local.assetsDict['/assets.index.template.html']","                .replace((/\\{\\{env\\.(\\w+?)\\}\\}/g), function (match0, match1) {","                    // jslint-hack","                    String(match0);","                    switch (match1) {","                    case 'npm_package_description':","                        return 'the greatest app in the world!';","                    case 'npm_package_name':","                        return 'my-app';","                    case 'npm_package_nameAlias':","                        return 'my_app';","                    case 'npm_package_version':","                        return '0.0.1';","                    }","                });","        }","        // run the cli","        if (local.global.utility2_rollup || module !== require.main) {","            break;","        }","        local.assetsDict['/assets.example.js'] =","            local.assetsDict['/assets.example.js'] ||","            local.fs.readFileSync(__filename, 'utf8');","        // bug-workaround - long $npm_package_buildCustomOrg","        /* jslint-ignore-begin */","        local.assetsDict['/assets.npmtest_bootstrap_validator.rollup.js'] =","            local.assetsDict['/assets.npmtest_bootstrap_validator.rollup.js'] ||","            local.fs.readFileSync(","                local.npmtest_bootstrap_validator.__dirname + '/lib.npmtest_bootstrap_validator.js',","                'utf8'","            ).replace((/^#!/), '//');","        /* jslint-ignore-end */","        local.assetsDict['/favicon.ico'] = local.assetsDict['/favicon.ico'] || '';","        // if $npm_config_timeout_exit exists,","        // then exit this process after $npm_config_timeout_exit ms","        if (Number(process.env.npm_config_timeout_exit)) {","            setTimeout(process.exit, Number(process.env.npm_config_timeout_exit));","        }","        // start server","        if (local.global.utility2_serverHttp1) {","            break;","        }","        process.env.PORT = process.env.PORT || '8081';","        console.error('server starting on port ' + process.env.PORT);","        local.http.createServer(function (request, response) {","            request.urlParsed = local.url.parse(request.url);","            if (local.assetsDict[request.urlParsed.pathname] !== undefined) {","                response.end(local.assetsDict[request.urlParsed.pathname]);","                return;","            }","            response.statusCode = 404;","            response.end();","        }).listen(process.env.PORT);","        break;","    }","}());",""],"l":{"26":2,"28":2,"33":2,"35":2,"37":2,"38":2,"39":2,"44":1,"51":2,"55":2,"59":2,"61":2,"69":1,"70":2,"76":2,"79":2,"82":2,"83":2,"85":1,"89":2,"92":1,"93":1,"94":1,"96":1,"97":1,"100":1,"101":1,"103":1,"106":1,"108":2,"114":1,"116":1,"118":1,"123":1,"124":2,"125":2,"126":3,"127":3,"128":3,"129":3,"130":1,"133":3,"134":3,"139":3,"143":1,"144":3,"145":1,"149":1,"150":1,"158":1,"160":1,"161":1,"162":1,"164":1,"166":1,"258":1,"259":1,"271":1,"274":6,"275":6,"277":1,"279":2,"281":1,"283":2,"288":1,"289":1,"291":1,"296":1,"303":1,"306":1,"307":1,"310":1,"311":1,"313":1,"314":1,"315":1,"316":1,"317":1,"318":1,"319":1,"321":1,"322":1,"324":1}},"/home/travis/build/npmtest/node-npmtest-bootstrap-validator/node_modules/bootstrap-validator/js/validator.js":{"path":"/home/travis/build/npmtest/node-npmtest-bootstrap-validator/node_modules/bootstrap-validator/js/validator.js","s":{"1":2,"2":1,"3":0,"4":0,"5":0,"6":0,"7":0,"8":0,"9":0,"10":0,"11":0,"12":0,"13":0,"14":0,"15":0,"16":0,"17":0,"18":0,"19":0,"20":0,"21":0,"22":0,"23":0,"24":0,"25":0,"26":0,"27":0,"28":0,"29":0,"30":0,"31":0,"32":0,"33":0,"34":0,"35":0,"36":0,"37":0,"38":0,"39":0,"40":0,"41":0,"42":0,"43":0,"44":0,"45":0,"46":0,"47":0,"48":0,"49":0,"50":0,"51":0,"52":0,"53":0,"54":0,"55":0,"56":0,"57":0,"58":0,"59":0,"60":0,"61":0,"62":0,"63":0,"64":0,"65":0,"66":0,"67":0,"68":0,"69":0,"70":1,"71":0,"72":1,"73":0,"74":0,"75":1,"76":0,"77":1,"78":0,"79":0,"80":0,"81":0,"82":0,"83":0,"84":0,"85":0,"86":0,"87":0,"88":0,"89":0,"90":0,"91":0,"92":0,"93":0,"94":0,"95":0,"96":0,"97":0,"98":0,"99":0,"100":0,"101":0,"102":0,"103":0,"104":0,"105":0,"106":0,"107":0,"108":0,"109":0,"110":0,"111":0,"112":0,"113":0,"114":0,"115":0,"116":0,"117":0,"118":0,"119":0,"120":0,"121":0,"122":0,"123":0,"124":0,"125":0,"126":0,"127":0,"128":0,"129":0,"130":1,"131":0,"132":0,"133":0,"134":1,"135":0,"136":0,"137":0,"138":0,"139":0,"140":0,"141":0,"142":0,"143":0,"144":0,"145":0,"146":0,"147":0,"148":0,"149":0,"150":0,"151":0,"152":0,"153":0,"154":0,"155":0,"156":0,"157":0,"158":0,"159":0,"160":0,"161":0,"162":0,"163":0,"164":0,"165":0,"166":0,"167":0,"168":0,"169":0,"170":0,"171":0,"172":0,"173":0,"174":0,"175":1,"176":0,"177":0,"178":0,"179":0,"180":0,"181":0,"182":0,"183":0,"184":0,"185":0,"186":0,"187":0,"188":0,"189":0,"190":0,"191":0,"192":0,"193":0,"194":0,"195":0},"b":{"1":[0,0],"2":[0,0],"3":[0,0],"4":[0,0],"5":[0,0],"6":[0,0],"7":[0,0],"8":[0,0,0,0],"9":[0,0],"10":[0,0],"11":[0,0],"12":[0,0],"13":[0,0],"14":[0,0],"15":[0,0],"16":[0,0],"17":[0,0],"18":[0,0],"19":[0,0],"20":[0,0],"21":[0,0],"22":[0,0],"23":[0,0],"24":[0,0],"25":[0,0],"26":[0,0,0],"27":[0,0],"28":[0,0,0,0,0],"29":[0,0],"30":[0,0],"31":[0,0],"32":[0,0,0],"33":[0,0],"34":[0,0],"35":[0,0],"36":[0,0],"37":[0,0],"38":[0,0],"39":[0,0,0,0],"40":[0,0,0,0,0,0],"41":[0,0],"42":[0,0],"43":[0,0],"44":[0,0],"45":[0,0],"46":[0,0],"47":[0,0],"48":[0,0],"49":[0,0],"50":[0,0],"51":[0,0],"52":[0,0],"53":[0,0]},"f":{"1":0,"2":0,"3":0,"4":0,"5":0,"6":0,"7":0,"8":0,"9":0,"10":0,"11":0,"12":0,"13":0,"14":0,"15":0,"16":0,"17":0,"18":0,"19":0,"20":0,"21":0,"22":0,"23":0,"24":0,"25":0,"26":0,"27":0,"28":0,"29":0,"30":0,"31":0,"32":0,"33":0,"34":0,"35":0,"36":0,"37":0,"38":0,"39":0,"40":0,"41":0,"42":0,"43":0,"44":0,"45":0,"46":0,"47":0},"fnMap":{"1":{"name":"(anonymous_1)","line":29,"loc":{"start":{"line":29,"column":1},"end":{"line":29,"column":14}}},"2":{"name":"getValue","line":35,"loc":{"start":{"line":35,"column":2},"end":{"line":35,"column":25}}},"3":{"name":"(anonymous_3)","line":42,"loc":{"start":{"line":42,"column":18},"end":{"line":42,"column":46}}},"4":{"name":"(anonymous_4)","line":56,"loc":{"start":{"line":56,"column":44},"end":{"line":56,"column":56}}},"5":{"name":"(anonymous_5)","line":60,"loc":{"start":{"line":60,"column":41},"end":{"line":60,"column":54}}},"6":{"name":"(anonymous_6)","line":66,"loc":{"start":{"line":66,"column":24},"end":{"line":66,"column":36}}},"7":{"name":"(anonymous_7)","line":96,"loc":{"start":{"line":96,"column":14},"end":{"line":96,"column":29}}},"8":{"name":"(anonymous_8)","line":102,"loc":{"start":{"line":102,"column":13},"end":{"line":102,"column":28}}},"9":{"name":"(anonymous_9)","line":106,"loc":{"start":{"line":106,"column":17},"end":{"line":106,"column":32}}},"10":{"name":"(anonymous_10)","line":112,"loc":{"start":{"line":112,"column":31},"end":{"line":112,"column":43}}},"11":{"name":"(anonymous_11)","line":118,"loc":{"start":{"line":118,"column":14},"end":{"line":118,"column":26}}},"12":{"name":"(anonymous_12)","line":126,"loc":{"start":{"line":126,"column":32},"end":{"line":126,"column":45}}},"13":{"name":"(anonymous_13)","line":133,"loc":{"start":{"line":133,"column":46},"end":{"line":133,"column":58}}},"14":{"name":"(anonymous_14)","line":138,"loc":{"start":{"line":138,"column":38},"end":{"line":138,"column":66}}},"15":{"name":"(anonymous_15)","line":150,"loc":{"start":{"line":150,"column":40},"end":{"line":150,"column":58}}},"16":{"name":"(anonymous_16)","line":172,"loc":{"start":{"line":172,"column":38},"end":{"line":172,"column":53}}},"17":{"name":"getValidatorSpecificError","line":179,"loc":{"start":{"line":179,"column":4},"end":{"line":179,"column":44}}},"18":{"name":"getValidityStateError","line":183,"loc":{"start":{"line":183,"column":4},"end":{"line":183,"column":37}}},"19":{"name":"getGenericError","line":194,"loc":{"start":{"line":194,"column":4},"end":{"line":194,"column":31}}},"20":{"name":"getErrorMessage","line":198,"loc":{"start":{"line":198,"column":4},"end":{"line":198,"column":34}}},"21":{"name":"(anonymous_21)","line":204,"loc":{"start":{"line":204,"column":36},"end":{"line":204,"column":62}}},"22":{"name":"(anonymous_22)","line":215,"loc":{"start":{"line":215,"column":22},"end":{"line":215,"column":34}}},"23":{"name":"(anonymous_23)","line":219,"loc":{"start":{"line":219,"column":16},"end":{"line":219,"column":52}}},"24":{"name":"(anonymous_24)","line":220,"loc":{"start":{"line":220,"column":18},"end":{"line":220,"column":30}}},"25":{"name":"(anonymous_25)","line":227,"loc":{"start":{"line":227,"column":33},"end":{"line":227,"column":45}}},"26":{"name":"(anonymous_26)","line":230,"loc":{"start":{"line":230,"column":28},"end":{"line":230,"column":42}}},"27":{"name":"(anonymous_27)","line":232,"loc":{"start":{"line":232,"column":13},"end":{"line":232,"column":25}}},"28":{"name":"(anonymous_28)","line":240,"loc":{"start":{"line":240,"column":35},"end":{"line":240,"column":47}}},"29":{"name":"(anonymous_29)","line":250,"loc":{"start":{"line":250,"column":35},"end":{"line":250,"column":50}}},"30":{"name":"(anonymous_30)","line":261,"loc":{"start":{"line":261,"column":28},"end":{"line":261,"column":45}}},"31":{"name":"(anonymous_31)","line":273,"loc":{"start":{"line":273,"column":36},"end":{"line":273,"column":51}}},"32":{"name":"(anonymous_32)","line":289,"loc":{"start":{"line":289,"column":34},"end":{"line":289,"column":46}}},"33":{"name":"fieldErrors","line":290,"loc":{"start":{"line":290,"column":4},"end":{"line":290,"column":27}}},"34":{"name":"(anonymous_34)","line":297,"loc":{"start":{"line":297,"column":37},"end":{"line":297,"column":49}}},"35":{"name":"fieldIncomplete","line":298,"loc":{"start":{"line":298,"column":4},"end":{"line":298,"column":31}}},"36":{"name":"(anonymous_36)","line":306,"loc":{"start":{"line":306,"column":33},"end":{"line":306,"column":46}}},"37":{"name":"(anonymous_37)","line":311,"loc":{"start":{"line":311,"column":37},"end":{"line":311,"column":49}}},"38":{"name":"(anonymous_38)","line":316,"loc":{"start":{"line":316,"column":30},"end":{"line":316,"column":55}}},"39":{"name":"(anonymous_39)","line":323,"loc":{"start":{"line":323,"column":30},"end":{"line":323,"column":42}}},"40":{"name":"(anonymous_40)","line":330,"loc":{"start":{"line":330,"column":12},"end":{"line":330,"column":24}}},"41":{"name":"(anonymous_41)","line":337,"loc":{"start":{"line":337,"column":12},"end":{"line":337,"column":24}}},"42":{"name":"(anonymous_42)","line":353,"loc":{"start":{"line":353,"column":32},"end":{"line":353,"column":44}}},"43":{"name":"Plugin","line":377,"loc":{"start":{"line":377,"column":2},"end":{"line":377,"column":26}}},"44":{"name":"(anonymous_44)","line":378,"loc":{"start":{"line":378,"column":21},"end":{"line":378,"column":33}}},"45":{"name":"(anonymous_45)","line":398,"loc":{"start":{"line":398,"column":30},"end":{"line":398,"column":42}}},"46":{"name":"(anonymous_46)","line":407,"loc":{"start":{"line":407,"column":23},"end":{"line":407,"column":35}}},"47":{"name":"(anonymous_47)","line":408,"loc":{"start":{"line":408,"column":44},"end":{"line":408,"column":56}}}},"statementMap":{"1":{"start":{"line":29,"column":0},"end":{"line":414,"column":10}},"2":{"start":{"line":35,"column":2},"end":{"line":40,"column":3}},"3":{"start":{"line":36,"column":4},"end":{"line":39,"column":50}},"4":{"start":{"line":42,"column":2},"end":{"line":71,"column":3}},"5":{"start":{"line":43,"column":4},"end":{"line":43,"column":29}},"6":{"start":{"line":44,"column":4},"end":{"line":44,"column":72}},"7":{"start":{"line":45,"column":4},"end":{"line":45,"column":32}},"8":{"start":{"line":46,"column":4},"end":{"line":48,"column":95}},"9":{"start":{"line":50,"column":4},"end":{"line":50,"column":17}},"10":{"start":{"line":52,"column":4},"end":{"line":52,"column":113}},"11":{"start":{"line":53,"column":4},"end":{"line":53,"column":73}},"12":{"start":{"line":54,"column":4},"end":{"line":54,"column":69}},"13":{"start":{"line":56,"column":4},"end":{"line":63,"column":6}},"14":{"start":{"line":57,"column":6},"end":{"line":57,"column":26}},"15":{"start":{"line":58,"column":6},"end":{"line":58,"column":43}},"16":{"start":{"line":60,"column":6},"end":{"line":62,"column":8}},"17":{"start":{"line":61,"column":8},"end":{"line":61,"column":62}},"18":{"start":{"line":66,"column":4},"end":{"line":68,"column":26}},"19":{"start":{"line":67,"column":6},"end":{"line":67,"column":71}},"20":{"start":{"line":70,"column":4},"end":{"line":70,"column":42}},"21":{"start":{"line":73,"column":2},"end":{"line":73,"column":30}},"22":{"start":{"line":75,"column":2},"end":{"line":75,"column":99}},"23":{"start":{"line":77,"column":2},"end":{"line":77,"column":29}},"24":{"start":{"line":79,"column":2},"end":{"line":93,"column":3}},"25":{"start":{"line":95,"column":2},"end":{"line":110,"column":3}},"26":{"start":{"line":97,"column":6},"end":{"line":97,"column":21}},"27":{"start":{"line":98,"column":6},"end":{"line":100,"column":7}},"28":{"start":{"line":99,"column":8},"end":{"line":99,"column":94}},"29":{"start":{"line":103,"column":6},"end":{"line":103,"column":41}},"30":{"start":{"line":104,"column":6},"end":{"line":104,"column":77}},"31":{"start":{"line":107,"column":6},"end":{"line":107,"column":48}},"32":{"start":{"line":108,"column":6},"end":{"line":108,"column":80}},"33":{"start":{"line":112,"column":2},"end":{"line":124,"column":3}},"34":{"start":{"line":113,"column":4},"end":{"line":113,"column":19}},"35":{"start":{"line":115,"column":4},"end":{"line":119,"column":7}},"36":{"start":{"line":118,"column":28},"end":{"line":118,"column":54}},"37":{"start":{"line":121,"column":4},"end":{"line":121,"column":23}},"38":{"start":{"line":123,"column":4},"end":{"line":123,"column":15}},"39":{"start":{"line":126,"column":2},"end":{"line":136,"column":3}},"40":{"start":{"line":127,"column":4},"end":{"line":127,"column":26}},"41":{"start":{"line":128,"column":4},"end":{"line":128,"column":33}},"42":{"start":{"line":129,"column":4},"end":{"line":129,"column":43}},"43":{"start":{"line":131,"column":4},"end":{"line":131,"column":37}},"44":{"start":{"line":131,"column":31},"end":{"line":131,"column":37}},"45":{"start":{"line":133,"column":4},"end":{"line":135,"column":6}},"46":{"start":{"line":134,"column":6},"end":{"line":134,"column":25}},"47":{"start":{"line":138,"column":2},"end":{"line":169,"column":3}},"48":{"start":{"line":139,"column":4},"end":{"line":139,"column":34}},"49":{"start":{"line":140,"column":4},"end":{"line":140,"column":52}},"50":{"start":{"line":142,"column":4},"end":{"line":142,"column":100}},"51":{"start":{"line":142,"column":34},"end":{"line":142,"column":100}},"52":{"start":{"line":144,"column":4},"end":{"line":144,"column":69}},"53":{"start":{"line":145,"column":4},"end":{"line":145,"column":28}},"54":{"start":{"line":146,"column":4},"end":{"line":146,"column":38}},"55":{"start":{"line":146,"column":32},"end":{"line":146,"column":38}},"56":{"start":{"line":148,"column":4},"end":{"line":148,"column":19}},"57":{"start":{"line":150,"column":4},"end":{"line":168,"column":6}},"58":{"start":{"line":151,"column":6},"end":{"line":151,"column":45}},"59":{"start":{"line":153,"column":6},"end":{"line":155,"column":31}},"60":{"start":{"line":157,"column":6},"end":{"line":163,"column":7}},"61":{"start":{"line":158,"column":8},"end":{"line":160,"column":86}},"62":{"start":{"line":162,"column":8},"end":{"line":162,"column":32}},"63":{"start":{"line":165,"column":6},"end":{"line":165,"column":25}},"64":{"start":{"line":167,"column":6},"end":{"line":167,"column":87}},"65":{"start":{"line":172,"column":2},"end":{"line":225,"column":3}},"66":{"start":{"line":173,"column":4},"end":{"line":173,"column":21}},"67":{"start":{"line":174,"column":4},"end":{"line":174,"column":31}},"68":{"start":{"line":176,"column":4},"end":{"line":176,"column":83}},"69":{"start":{"line":177,"column":4},"end":{"line":177,"column":47}},"70":{"start":{"line":179,"column":4},"end":{"line":181,"column":5}},"71":{"start":{"line":180,"column":6},"end":{"line":180,"column":47}},"72":{"start":{"line":183,"column":4},"end":{"line":192,"column":5}},"73":{"start":{"line":184,"column":6},"end":{"line":184,"column":36}},"74":{"start":{"line":185,"column":6},"end":{"line":191,"column":44}},"75":{"start":{"line":194,"column":4},"end":{"line":196,"column":5}},"76":{"start":{"line":195,"column":6},"end":{"line":195,"column":35}},"77":{"start":{"line":198,"column":4},"end":{"line":202,"column":5}},"78":{"start":{"line":199,"column":6},"end":{"line":201,"column":30}},"79":{"start":{"line":204,"column":4},"end":{"line":212,"column":13}},"80":{"start":{"line":205,"column":6},"end":{"line":205,"column":22}},"81":{"start":{"line":206,"column":6},"end":{"line":211,"column":7}},"82":{"start":{"line":209,"column":9},"end":{"line":209,"column":46}},"83":{"start":{"line":210,"column":8},"end":{"line":210,"column":53}},"84":{"start":{"line":214,"column":4},"end":{"line":222,"column":35}},"85":{"start":{"line":215,"column":6},"end":{"line":221,"column":8}},"86":{"start":{"line":216,"column":8},"end":{"line":216,"column":21}},"87":{"start":{"line":217,"column":8},"end":{"line":217,"column":46}},"88":{"start":{"line":218,"column":8},"end":{"line":220,"column":58}},"89":{"start":{"line":219,"column":54},"end":{"line":219,"column":102}},"90":{"start":{"line":220,"column":32},"end":{"line":220,"column":56}},"91":{"start":{"line":222,"column":11},"end":{"line":222,"column":35}},"92":{"start":{"line":224,"column":4},"end":{"line":224,"column":29}},"93":{"start":{"line":227,"column":2},"end":{"line":238,"column":3}},"94":{"start":{"line":228,"column":4},"end":{"line":228,"column":19}},"95":{"start":{"line":230,"column":4},"end":{"line":235,"column":6}},"96":{"start":{"line":231,"column":6},"end":{"line":231,"column":47}},"97":{"start":{"line":233,"column":6},"end":{"line":233,"column":25}},"98":{"start":{"line":234,"column":6},"end":{"line":234,"column":23}},"99":{"start":{"line":237,"column":4},"end":{"line":237,"column":15}},"100":{"start":{"line":240,"column":2},"end":{"line":248,"column":3}},"101":{"start":{"line":241,"column":4},"end":{"line":241,"column":35}},"102":{"start":{"line":241,"column":29},"end":{"line":241,"column":35}},"103":{"start":{"line":243,"column":4},"end":{"line":243,"column":62}},"104":{"start":{"line":244,"column":4},"end":{"line":244,"column":35}},"105":{"start":{"line":244,"column":29},"end":{"line":244,"column":35}},"106":{"start":{"line":246,"column":4},"end":{"line":246,"column":91}},"107":{"start":{"line":247,"column":4},"end":{"line":247,"column":18}},"108":{"start":{"line":250,"column":2},"end":{"line":271,"column":3}},"109":{"start":{"line":251,"column":4},"end":{"line":251,"column":52}},"110":{"start":{"line":252,"column":4},"end":{"line":252,"column":48}},"111":{"start":{"line":253,"column":4},"end":{"line":253,"column":43}},"112":{"start":{"line":254,"column":4},"end":{"line":254,"column":55}},"113":{"start":{"line":255,"column":4},"end":{"line":255,"column":57}},"114":{"start":{"line":257,"column":4},"end":{"line":257,"column":30}},"115":{"start":{"line":257,"column":24},"end":{"line":257,"column":30}},"116":{"start":{"line":259,"column":4},"end":{"line":261,"column":83}},"117":{"start":{"line":261,"column":47},"end":{"line":261,"column":80}},"118":{"start":{"line":263,"column":4},"end":{"line":263,"column":123}},"119":{"start":{"line":264,"column":4},"end":{"line":264,"column":33}},"120":{"start":{"line":265,"column":4},"end":{"line":265,"column":43}},"121":{"start":{"line":267,"column":4},"end":{"line":270,"column":42}},"122":{"start":{"line":273,"column":2},"end":{"line":287,"column":3}},"123":{"start":{"line":274,"column":4},"end":{"line":274,"column":43}},"124":{"start":{"line":275,"column":4},"end":{"line":275,"column":55}},"125":{"start":{"line":276,"column":4},"end":{"line":276,"column":57}},"126":{"start":{"line":278,"column":4},"end":{"line":278,"column":60}},"127":{"start":{"line":279,"column":4},"end":{"line":279,"column":58}},"128":{"start":{"line":281,"column":4},"end":{"line":286,"column":39}},"129":{"start":{"line":289,"column":2},"end":{"line":295,"column":3}},"130":{"start":{"line":290,"column":4},"end":{"line":292,"column":5}},"131":{"start":{"line":291,"column":6},"end":{"line":291,"column":65}},"132":{"start":{"line":294,"column":4},"end":{"line":294,"column":52}},"133":{"start":{"line":297,"column":2},"end":{"line":304,"column":3}},"134":{"start":{"line":298,"column":4},"end":{"line":301,"column":5}},"135":{"start":{"line":299,"column":6},"end":{"line":299,"column":35}},"136":{"start":{"line":300,"column":6},"end":{"line":300,"column":64}},"137":{"start":{"line":303,"column":4},"end":{"line":303,"column":77}},"138":{"start":{"line":306,"column":2},"end":{"line":309,"column":3}},"139":{"start":{"line":307,"column":4},"end":{"line":307,"column":19}},"140":{"start":{"line":308,"column":4},"end":{"line":308,"column":67}},"141":{"start":{"line":308,"column":49},"end":{"line":308,"column":67}},"142":{"start":{"line":311,"column":2},"end":{"line":314,"column":3}},"143":{"start":{"line":312,"column":4},"end":{"line":312,"column":37}},"144":{"start":{"line":312,"column":31},"end":{"line":312,"column":37}},"145":{"start":{"line":313,"column":4},"end":{"line":313,"column":78}},"146":{"start":{"line":316,"column":2},"end":{"line":321,"column":3}},"147":{"start":{"line":317,"column":4},"end":{"line":317,"column":43}},"148":{"start":{"line":318,"column":4},"end":{"line":318,"column":46}},"149":{"start":{"line":318,"column":29},"end":{"line":318,"column":46}},"150":{"start":{"line":319,"column":4},"end":{"line":319,"column":57}},"151":{"start":{"line":320,"column":4},"end":{"line":320,"column":85}},"152":{"start":{"line":323,"column":2},"end":{"line":351,"column":3}},"153":{"start":{"line":324,"column":4},"end":{"line":326,"column":49}},"154":{"start":{"line":328,"column":4},"end":{"line":334,"column":8}},"155":{"start":{"line":331,"column":8},"end":{"line":331,"column":27}},"156":{"start":{"line":332,"column":8},"end":{"line":332,"column":56}},"157":{"start":{"line":333,"column":8},"end":{"line":333,"column":80}},"158":{"start":{"line":336,"column":4},"end":{"line":344,"column":8}},"159":{"start":{"line":338,"column":8},"end":{"line":338,"column":27}},"160":{"start":{"line":339,"column":8},"end":{"line":339,"column":72}},"161":{"start":{"line":341,"column":8},"end":{"line":343,"column":32}},"162":{"start":{"line":346,"column":4},"end":{"line":346,"column":37}},"163":{"start":{"line":348,"column":4},"end":{"line":348,"column":111}},"164":{"start":{"line":350,"column":4},"end":{"line":350,"column":15}},"165":{"start":{"line":353,"column":2},"end":{"line":371,"column":3}},"166":{"start":{"line":354,"column":4},"end":{"line":354,"column":16}},"167":{"start":{"line":356,"column":4},"end":{"line":359,"column":27}},"168":{"start":{"line":361,"column":4},"end":{"line":362,"column":27}},"169":{"start":{"line":364,"column":4},"end":{"line":364,"column":26}},"170":{"start":{"line":365,"column":4},"end":{"line":365,"column":26}},"171":{"start":{"line":366,"column":4},"end":{"line":366,"column":26}},"172":{"start":{"line":367,"column":4},"end":{"line":367,"column":26}},"173":{"start":{"line":368,"column":4},"end":{"line":368,"column":26}},"174":{"start":{"line":370,"column":4},"end":{"line":370,"column":15}},"175":{"start":{"line":377,"column":2},"end":{"line":387,"column":3}},"176":{"start":{"line":378,"column":4},"end":{"line":386,"column":6}},"177":{"start":{"line":379,"column":6},"end":{"line":379,"column":27}},"178":{"start":{"line":380,"column":6},"end":{"line":380,"column":103}},"179":{"start":{"line":381,"column":6},"end":{"line":381,"column":46}},"180":{"start":{"line":383,"column":6},"end":{"line":383,"column":46}},"181":{"start":{"line":383,"column":40},"end":{"line":383,"column":46}},"182":{"start":{"line":384,"column":6},"end":{"line":384,"column":82}},"183":{"start":{"line":384,"column":17},"end":{"line":384,"column":82}},"184":{"start":{"line":385,"column":6},"end":{"line":385,"column":51}},"185":{"start":{"line":385,"column":37},"end":{"line":385,"column":51}},"186":{"start":{"line":389,"column":2},"end":{"line":389,"column":26}},"187":{"start":{"line":391,"column":2},"end":{"line":391,"column":37}},"188":{"start":{"line":392,"column":2},"end":{"line":392,"column":40}},"189":{"start":{"line":398,"column":2},"end":{"line":401,"column":3}},"190":{"start":{"line":399,"column":4},"end":{"line":399,"column":24}},"191":{"start":{"line":400,"column":4},"end":{"line":400,"column":15}},"192":{"start":{"line":407,"column":2},"end":{"line":412,"column":4}},"193":{"start":{"line":408,"column":4},"end":{"line":411,"column":6}},"194":{"start":{"line":409,"column":6},"end":{"line":409,"column":25}},"195":{"start":{"line":410,"column":6},"end":{"line":410,"column":38}}},"branchMap":{"1":{"line":36,"type":"cond-expr","locations":[{"start":{"line":36,"column":41},"end":{"line":36,"column":60}},{"start":{"line":37,"column":11},"end":{"line":39,"column":50}}]},"2":{"line":37,"type":"cond-expr","locations":[{"start":{"line":37,"column":41},"end":{"line":37,"column":96}},{"start":{"line":38,"column":11},"end":{"line":39,"column":50}}]},"3":{"line":38,"type":"cond-expr","locations":[{"start":{"line":38,"column":41},"end":{"line":38,"column":65}},{"start":{"line":39,"column":41},"end":{"line":39,"column":50}}]},"4":{"line":38,"type":"binary-expr","locations":[{"start":{"line":38,"column":42},"end":{"line":38,"column":51}},{"start":{"line":38,"column":55},"end":{"line":38,"column":57}}]},"5":{"line":61,"type":"binary-expr","locations":[{"start":{"line":61,"column":8},"end":{"line":61,"column":23}},{"start":{"line":61,"column":27},"end":{"line":61,"column":62}}]},"6":{"line":67,"type":"binary-expr","locations":[{"start":{"line":67,"column":13},"end":{"line":67,"column":30}},{"start":{"line":67,"column":34},"end":{"line":67,"column":71}}]},"7":{"line":98,"type":"if","locations":[{"start":{"line":98,"column":6},"end":{"line":98,"column":6}},{"start":{"line":98,"column":6},"end":{"line":98,"column":6}}]},"8":{"line":99,"type":"binary-expr","locations":[{"start":{"line":99,"column":15},"end":{"line":99,"column":34}},{"start":{"line":99,"column":38},"end":{"line":99,"column":56}},{"start":{"line":99,"column":61},"end":{"line":99,"column":81}},{"start":{"line":99,"column":85},"end":{"line":99,"column":93}}]},"9":{"line":104,"type":"binary-expr","locations":[{"start":{"line":104,"column":13},"end":{"line":104,"column":42}},{"start":{"line":104,"column":46},"end":{"line":104,"column":77}}]},"10":{"line":108,"type":"binary-expr","locations":[{"start":{"line":108,"column":13},"end":{"line":108,"column":41}},{"start":{"line":108,"column":45},"end":{"line":108,"column":80}}]},"11":{"line":131,"type":"if","locations":[{"start":{"line":131,"column":4},"end":{"line":131,"column":4}},{"start":{"line":131,"column":4},"end":{"line":131,"column":4}}]},"12":{"line":142,"type":"if","locations":[{"start":{"line":142,"column":4},"end":{"line":142,"column":4}},{"start":{"line":142,"column":4},"end":{"line":142,"column":4}}]},"13":{"line":146,"type":"if","locations":[{"start":{"line":146,"column":4},"end":{"line":146,"column":4}},{"start":{"line":146,"column":4},"end":{"line":146,"column":4}}]},"14":{"line":153,"type":"cond-expr","locations":[{"start":{"line":154,"column":10},"end":{"line":154,"column":79}},{"start":{"line":155,"column":10},"end":{"line":155,"column":31}}]},"15":{"line":154,"type":"cond-expr","locations":[{"start":{"line":154,"column":24},"end":{"line":154,"column":56}},{"start":{"line":154,"column":59},"end":{"line":154,"column":79}}]},"16":{"line":157,"type":"if","locations":[{"start":{"line":157,"column":6},"end":{"line":157,"column":6}},{"start":{"line":157,"column":6},"end":{"line":157,"column":6}}]},"17":{"line":157,"type":"binary-expr","locations":[{"start":{"line":157,"column":10},"end":{"line":157,"column":21}},{"start":{"line":157,"column":25},"end":{"line":157,"column":68}}]},"18":{"line":158,"type":"cond-expr","locations":[{"start":{"line":159,"column":12},"end":{"line":159,"column":84}},{"start":{"line":160,"column":12},"end":{"line":160,"column":86}}]},"19":{"line":176,"type":"binary-expr","locations":[{"start":{"line":176,"column":4},"end":{"line":176,"column":37}},{"start":{"line":176,"column":41},"end":{"line":176,"column":83}}]},"20":{"line":185,"type":"cond-expr","locations":[{"start":{"line":185,"column":40},"end":{"line":185,"column":67}},{"start":{"line":186,"column":13},"end":{"line":191,"column":44}}]},"21":{"line":186,"type":"cond-expr","locations":[{"start":{"line":186,"column":40},"end":{"line":186,"column":70}},{"start":{"line":187,"column":13},"end":{"line":191,"column":44}}]},"22":{"line":187,"type":"cond-expr","locations":[{"start":{"line":187,"column":40},"end":{"line":187,"column":67}},{"start":{"line":188,"column":13},"end":{"line":191,"column":44}}]},"23":{"line":188,"type":"cond-expr","locations":[{"start":{"line":188,"column":40},"end":{"line":188,"column":66}},{"start":{"line":189,"column":13},"end":{"line":191,"column":44}}]},"24":{"line":189,"type":"cond-expr","locations":[{"start":{"line":189,"column":40},"end":{"line":189,"column":66}},{"start":{"line":190,"column":13},"end":{"line":191,"column":44}}]},"25":{"line":190,"type":"cond-expr","locations":[{"start":{"line":190,"column":40},"end":{"line":190,"column":71}},{"start":{"line":191,"column":40},"end":{"line":191,"column":44}}]},"26":{"line":199,"type":"binary-expr","locations":[{"start":{"line":199,"column":13},"end":{"line":199,"column":43}},{"start":{"line":200,"column":13},"end":{"line":200,"column":36}},{"start":{"line":201,"column":13},"end":{"line":201,"column":30}}]},"27":{"line":206,"type":"if","locations":[{"start":{"line":206,"column":6},"end":{"line":206,"column":6}},{"start":{"line":206,"column":6},"end":{"line":206,"column":6}}]},"28":{"line":206,"type":"binary-expr","locations":[{"start":{"line":206,"column":11},"end":{"line":206,"column":24}},{"start":{"line":206,"column":28},"end":{"line":206,"column":48}},{"start":{"line":207,"column":11},"end":{"line":207,"column":48}},{"start":{"line":207,"column":52},"end":{"line":207,"column":67}},{"start":{"line":208,"column":11},"end":{"line":208,"column":44}}]},"29":{"line":209,"type":"binary-expr","locations":[{"start":{"line":209,"column":17},"end":{"line":209,"column":37}},{"start":{"line":209,"column":41},"end":{"line":209,"column":46}}]},"30":{"line":210,"type":"binary-expr","locations":[{"start":{"line":210,"column":8},"end":{"line":210,"column":31}},{"start":{"line":210,"column":35},"end":{"line":210,"column":53}}]},"31":{"line":214,"type":"if","locations":[{"start":{"line":214,"column":4},"end":{"line":214,"column":4}},{"start":{"line":214,"column":4},"end":{"line":214,"column":4}}]},"32":{"line":214,"type":"binary-expr","locations":[{"start":{"line":214,"column":8},"end":{"line":214,"column":22}},{"start":{"line":214,"column":26},"end":{"line":214,"column":39}},{"start":{"line":214,"column":43},"end":{"line":214,"column":66}}]},"33":{"line":219,"type":"binary-expr","locations":[{"start":{"line":219,"column":66},"end":{"line":219,"column":91}},{"start":{"line":219,"column":95},"end":{"line":219,"column":100}}]},"34":{"line":241,"type":"if","locations":[{"start":{"line":241,"column":4},"end":{"line":241,"column":4}},{"start":{"line":241,"column":4},"end":{"line":241,"column":4}}]},"35":{"line":244,"type":"if","locations":[{"start":{"line":244,"column":4},"end":{"line":244,"column":4}},{"start":{"line":244,"column":4},"end":{"line":244,"column":4}}]},"36":{"line":251,"type":"cond-expr","locations":[{"start":{"line":251,"column":37},"end":{"line":251,"column":43}},{"start":{"line":251,"column":46},"end":{"line":251,"column":52}}]},"37":{"line":257,"type":"if","locations":[{"start":{"line":257,"column":4},"end":{"line":257,"column":4}},{"start":{"line":257,"column":4},"end":{"line":257,"column":4}}]},"38":{"line":263,"type":"binary-expr","locations":[{"start":{"line":263,"column":4},"end":{"line":263,"column":61}},{"start":{"line":263,"column":65},"end":{"line":263,"column":123}}]},"39":{"line":267,"type":"binary-expr","locations":[{"start":{"line":267,"column":4},"end":{"line":267,"column":35}},{"start":{"line":268,"column":9},"end":{"line":268,"column":61}},{"start":{"line":269,"column":9},"end":{"line":269,"column":56}},{"start":{"line":270,"column":9},"end":{"line":270,"column":42}}]},"40":{"line":281,"type":"binary-expr","locations":[{"start":{"line":281,"column":4},"end":{"line":281,"column":35}},{"start":{"line":282,"column":9},"end":{"line":282,"column":59}},{"start":{"line":283,"column":9},"end":{"line":283,"column":61}},{"start":{"line":284,"column":9},"end":{"line":284,"column":22}},{"start":{"line":285,"column":9},"end":{"line":285,"column":58}},{"start":{"line":286,"column":9},"end":{"line":286,"column":39}}]},"41":{"line":291,"type":"binary-expr","locations":[{"start":{"line":291,"col
[...]
Y OF ANY KIND, EXPRESS OR"," * IMPLIED, INCLUDING BUT NOT LIMITED TO THE WARRANTIES OF MERCHANTABILITY,"," * FITNESS FOR A PARTICULAR PURPOSE AND NONINFRINGEMENT. IN NO EVENT SHALL THE"," * AUTHORS OR COPYRIGHT HOLDERS BE LIABLE FOR ANY CLAIM, DAMAGES OR OTHER"," * LIABILITY, WHETHER IN AN ACTION OF CONTRACT, TORT OR OTHERWISE, ARISING FROM,"," * OUT OF OR IN CONNECTION WITH THE SOFTWARE OR THE USE OR OTHER DEALINGS IN"," * THE SOFTWARE."," * ======================================================================== */","","","+function ($) {","  'use strict';","","  // VALIDATOR CLASS DEFINITION","  // ==========================","","  function getValue($el) {","    return $el.is('[type=\"checkbox\"]') ? $el.prop('checked')                                     :","           $el.is('[type=\"radio\"]')    ? !!$('[name=\"' + $el.attr('name') + '\"]:checked').length :","           $el.is('select[multiple]')  ? ($el.val() || []).length                                :","                                         $el.val()","  }","","  var Validator = function (element, options) {","    this.options    = options","    this.validators = $.extend({}, Validator.VALIDATORS, options.custom)","    this.$element   = $(element)","    this.$btn       = $('button[type=\"submit\"], input[type=\"submit\"]')","                        .filter('[form=\"' + this.$element.attr('id') + '\"]')","                        .add(this.$element.find('input[type=\"submit\"], button[type=\"submit\"]'))","","    this.update()","","    this.$element.on('input.bs.validator change.bs.validator focusout.bs.validator', $.proxy(this.onInput, this))","    this.$element.on('submit.bs.validator', $.proxy(this.onSubmit, this))","    this.$element.on('reset.bs.validator', $.proxy(this.reset, this))","","    this.$element.find('[data-match]').each(function () {","      var $this  = $(this)","      var target = $this.attr('data-match')","","      $(target).on('input.bs.validator', function (e) {","        getValue($this) && $this.trigger('input.bs.validator')","      })","    })","","    // run validators for fields with values, but don't clobber server-side errors","    this.$inputs.filter(function () {","      return getValue($(this)) && !$(this).closest('.has-error').length","    }).trigger('focusout')","","    this.$element.attr('novalidate', true) // disable automatic native validation","  }","","  Validator.VERSION = '0.11.9'","","  Validator.INPUT_SELECTOR = ':input:not([type=\"hidden\"], [type=\"submit\"], [type=\"reset\"], button)'","","  Validator.FOCUS_OFFSET = 20","","  Validator.DEFAULTS = {","    delay: 500,","    html: false,","    disable: true,","    focus: true,","    custom: {},","    errors: {","      match: 'Does not match',","      minlength: 'Not long enough'","    },","    feedback: {","      success: 'glyphicon-ok',","      error: 'glyphicon-remove'","    }","  }","","  Validator.VALIDATORS = {","    'native': function ($el) {","      var el = $el[0]","      if (el.checkValidity) {","        return !el.checkValidity() && !el.validity.valid && (el.validationMessage || \"error!\")","      }","    },","    'match': function ($el) {","      var target = $el.attr('data-match')","      return $el.val() !== $(target).val() && Validator.DEFAULTS.errors.match","    },","    'minlength': function ($el) {","      var minlength = $el.attr('data-minlength')","      return $el.val().length < minlength && Validator.DEFAULTS.errors.minlength","    }","  }","","  Validator.prototype.update = function () {","    var self = this","","    this.$inputs = this.$element.find(Validator.INPUT_SELECTOR)","      .add(this.$element.find('[data-validate=\"true\"]'))","      .not(this.$element.find('[data-validate=\"false\"]')","        .each(function () { self.clearErrors($(this)) })","      )","","    this.toggleSubmit()","","    return this","  }","","  Validator.prototype.onInput = function (e) {","    var self        = this","    var $el         = $(e.target)","    var deferErrors = e.type !== 'focusout'","","    if (!this.$inputs.is($el)) return","","    this.validateInput($el, deferErrors).done(function () {","      self.toggleSubmit()","    })","  }","","  Validator.prototype.validateInput = function ($el, deferErrors) {","    var value      = getValue($el)","    var prevErrors = $el.data('bs.validator.errors')","","    if ($el.is('[type=\"radio\"]')) $el = this.$element.find('input[name=\"' + $el.attr('name') + '\"]')","","    var e = $.Event('validate.bs.validator', {relatedTarget: $el[0]})","    this.$element.trigger(e)","    if (e.isDefaultPrevented()) return","","    var self = this","","    return this.runValidators($el).done(function (errors) {","      $el.data('bs.validator.errors', errors)","","      errors.length","        ? deferErrors ? self.defer($el, self.showErrors) : self.showErrors($el)","        : self.clearErrors($el)","","      if (!prevErrors || errors.toString() !== prevErrors.toString()) {","        e = errors.length","          ? $.Event('invalid.bs.validator', {relatedTarget: $el[0], detail: errors})","          : $.Event('valid.bs.validator', {relatedTarget: $el[0], detail: prevErrors})","","        self.$element.trigger(e)","      }","","      self.toggleSubmit()","","      self.$element.trigger($.Event('validated.bs.validator', {relatedTarget: $el[0]}))","    })","  }","","","  Validator.prototype.runValidators = function ($el) {","    var errors   = []","    var deferred = $.Deferred()","","    $el.data('bs.validator.deferred') && $el.data('bs.validator.deferred').reject()","    $el.data('bs.validator.deferred', deferred)","","    function getValidatorSpecificError(key) {","      return $el.attr('data-' + key + '-error')","    }","","    function getValidityStateError() {","      var validity = $el[0].validity","      return validity.typeMismatch    ? $el.attr('data-type-error')","           : validity.patternMismatch ? $el.attr('data-pattern-error')","           : validity.stepMismatch    ? $el.attr('data-step-error')","           : validity.rangeOverflow   ? $el.attr('data-max-error')","           : validity.rangeUnderflow  ? $el.attr('data-min-error')","           : validity.valueMissing    ? $el.attr('data-required-error')","           :                            null","    }","","    function getGenericError() {","      return $el.attr('data-error')","    }","","    function getErrorMessage(key) {","      return getValidatorSpecificError(key)","          || getValidityStateError()","          || getGenericError()","    }","","    $.each(this.validators, $.proxy(function (key, validator) {","      var error = null","      if ((getValue($el) || $el.attr('required')) &&","          ($el.attr('data-' + key) !== undefined || key == 'native') &&","          (error = validator.call(this, $el))) {","         error = getErrorMessage(key) || error","        !~errors.indexOf(error) && errors.push(error)","      }","    }, this))","","    if (!errors.length && getValue($el) && $el.attr('data-remote')) {","      this.defer($el, function () {","        var data = {}","        data[$el.attr('name')] = getValue($el)","        $.get($el.attr('data-remote'), data)","          .fail(function (jqXHR, textStatus, error) { errors.push(getErrorMessage('remote') || error) })","          .always(function () { deferred.resolve(errors)})","      })","    } else deferred.resolve(errors)","","    return deferred.promise()","  }","","  Validator.prototype.validate = function () {","    var self = this","","    $.when(this.$inputs.map(function (el) {","      return self.validateInput($(this), false)","    })).then(function () {","      self.toggleSubmit()","      self.focusError()","    })","","    return this","  }","","  Validator.prototype.focusError = function () {","    if (!this.options.focus) return","","    var $input = this.$element.find(\".has-error:first :input\")","    if ($input.length === 0) return","","    $('html, body').animate({scrollTop: $input.offset().top - Validator.FOCUS_OFFSET}, 250)","    $input.focus()","  }","","  Validator.prototype.showErrors = function ($el) {","    var method = this.options.html ? 'html' : 'text'","    var errors = $el.data('bs.validator.errors')","    var $group = $el.closest('.form-group')","    var $block = $group.find('.help-block.with-errors')","    var $feedback = $group.find('.form-control-feedback')","","    if (!errors.length) return","","    errors = $('<ul/>')","      .addClass('list-unstyled')","      .append($.map(errors, function (error) { return $('<li/>')[method](error) }))","","    $block.data('bs.validator.originalContent') === undefined && $block.data('bs.validator.originalContent', $block.html())","    $block.empty().append(errors)","    $group.addClass('has-error has-danger')","","    $group.hasClass('has-feedback')","      && $feedback.removeClass(this.options.feedback.success)","      && $feedback.addClass(this.options.feedback.error)","      && $group.removeClass('has-success')","  }","","  Validator.prototype.clearErrors = function ($el) {","    var $group = $el.closest('.form-group')","    var $block = $group.find('.help-block.with-errors')","    var $feedback = $group.find('.form-control-feedback')","","    $block.html($block.data('bs.validator.originalContent'))","    $group.removeClass('has-error has-danger has-success')","","    $group.hasClass('has-feedback')","      && $feedback.removeClass(this.options.feedback.error)","      && $feedback.removeClass(this.options.feedback.success)","      && getValue($el)","      && $feedback.addClass(this.options.feedback.success)","      && $group.addClass('has-success')","  }","","  Validator.prototype.hasErrors = function () {","    function fieldErrors() {","      return !!($(this).data('bs.validator.errors') || []).length","    }","","    return !!this.$inputs.filter(fieldErrors).length","  }","","  Validator.prototype.isIncomplete = function () {","    function fieldIncomplete() {","      var value = getValue($(this))","      return !(typeof value == \"string\" ? $.trim(value) : value)","    }","","    return !!this.$inputs.filter('[required]').filter(fieldIncomplete).length","  }","","  Validator.prototype.onSubmit = function (e) {","    this.validate()","    if (this.isIncomplete() || this.hasErrors()) e.preventDefault()","  }","","  Validator.prototype.toggleSubmit = function () {","    if (!this.options.disable) return","    this.$btn.toggleClass('disabled', this.isIncomplete() || this.hasErrors())","  }","","  Validator.prototype.defer = function ($el, callback) {","    callback = $.proxy(callback, this, $el)","    if (!this.options.delay) return callback()","    window.clearTimeout($el.data('bs.validator.timeout'))","    $el.data('bs.validator.timeout', window.setTimeout(callback, this.options.delay))","  }","","  Validator.prototype.reset = function () {","    this.$element.find('.form-control-feedback')","      .removeClass(this.options.feedback.error)","      .removeClass(this.options.feedback.success)","","    this.$inputs","      .removeData(['bs.validator.errors', 'bs.validator.deferred'])","      .each(function () {","        var $this = $(this)","        var timeout = $this.data('bs.validator.timeout')","        window.clearTimeout(timeout) && $this.removeData('bs.validator.timeout')","      })","","    this.$element.find('.help-block.with-errors')","      .each(function () {","        var $this = $(this)","        var originalContent = $this.data('bs.validator.originalContent')","","        $this","          .removeData('bs.validator.originalContent')","          .html(originalContent)","      })","","    this.$btn.removeClass('disabled')","","    this.$element.find('.has-error, .has-danger, .has-success').removeClass('has-error has-danger has-success')","","    return this","  }","","  Validator.prototype.destroy = function () {","    this.reset()","","    this.$element","      .removeAttr('novalidate')","      .removeData('bs.validator')","      .off('.bs.validator')","","    this.$inputs","      .off('.bs.validator')","","    this.options    = null","    this.validators = null","    this.$element   = null","    this.$btn       = null","    this.$inputs    = null","","    return this","  }","","  // VALIDATOR PLUGIN DEFINITION","  // ===========================","","","  function Plugin(option) {","    return this.each(function () {","      var $this   = $(this)","      var options = $.extend({}, Validator.DEFAULTS, $this.data(), typeof option == 'object' && option)","      var data    = $this.data('bs.validator')","","      if (!data && option == 'destroy') return","      if (!data) $this.data('bs.validator', (data = new Validator(this, options)))","      if (typeof option == 'string') data[option]()","    })","  }","","  var old = $.fn.validator","","  $.fn.validator             = Plugin","  $.fn.validator.Constructor = Validator","","","  // VALIDATOR NO CONFLICT","  // =====================","","  $.fn.validator.noConflict = function () {","    $.fn.validator = old","    return this","  }","","","  // VALIDATOR DATA-API","  // ==================","","  $(window).on('load', function () {","    $('form[data-toggle=\"validator\"]').each(function () {","      var $form = $(this)","      Plugin.call($form, $form.data())","    })","  })","","}(jQuery);",""],"l":{"29":2,"35":1,"36":0,"42":0,"43":0,"44":0,"45":0,"46":0,"50":0,"52":0,"53":0,"54":0,"56":0,"57":0,"58":0,"60":0,"61":0,"66":0,"67":0,"70":0,"73":0,"75":0,"77":0,"79":0,"95":0,"97":0,"98":0,"99":0,"103":0,"104":0,"107":0,"108":0,"112":0,"113":0,"115":0,"118":0,"121":0,"123":0,"126":0,"127":0,"128":0,"129":0,"131":0,"133":0,"134":0,"138":0,"139":0,"140":0,"142":0,"144":0,"145":0,"146":0,"148":0,"150":0,"151":0,"153":0,"157":0,"158":0,"162":0,"165":0,"167":0,"172":0,"173":0,"174":0,"176":0,"177":0,"179":1,"180":0,"183":1,"184":0,"185":0,"194":1,"195":0,"198":1,"199":0,"204":0,"205":0,"206":0,"209":0,"210":0,"214":0,"215":0,"216":0,"217":0,"218":0,"219":0,"220":0,"222":0,"224":0,"227":0,"228":0,"230":0,"231":0,"233":0,"234":0,"237":0,"240":0,"241":0,"243":0,"244":0,"246":0,"247":0,"250":0,"251":0,"252":0,"253":0,"254":0,"255":0,"257":0,"259":0,"261":0,"263":0,"264":0,"265":0,"267":0,"273":0,"274":0,"275":0,"276":0,"278":0,"279":0,"281":0,"289":0,"290":1,"291":0,"294":0,"297":0,"298":1,"299":0,"300":0,"303":0,"306":0,"307":0,"308":0,"311":0,"312":0,"313":0,"316":0,"317":0,"318":0,"319":0,"320":0,"323":0,"324":0,"328":0,"331":0,"332":0,"333":0,"336":0,"338":0,"339":0,"341":0,"346":0,"348":0,"350":0,"353":0,"354":0,"356":0,"361":0,"364":0,"365":0,"366":0,"367":0,"368":0,"370":0,"377":1,"378":0,"379":0,"380":0,"381":0,"383":0,"384":0,"385":0,"389":0,"391":0,"392":0,"398":0,"399":0,"400":0,"407":0,"408":0,"409":0,"410":0}},"/home/travis/build/npmtest/node-npmtest-bootstrap-validator/node_modules/bootstrap-validator/Gruntfile.js":{"path":"/home/travis/build/npmtest/node-npmtest-bootstrap-validator/node_modules/bootstrap-validator/Gruntfile.js","s":{"1":1,"2":0,"3":0,"4":0,"5":0,"6":0,"7":0,"8":0,"9":0,"10":0,"11":0,"12":0,"13":0,"14":0,"15":0,"16":0,"17":0},"b":{},"f":{"1":0},"fnMap":{"1":{"name":"(anonymous_1)","line":3,"loc":{"start":{"line":3,"column":17},"end":{"line":3,"column":33}}}},"statementMap":{"1":{"start":{"line":3,"column":0},"end":{"line":133,"column":2}},"2":{"start":{"line":7,"column":2},"end":{"line":100,"column":5}},"3":{"start":{"line":104,"column":2},"end":{"line":104,"column":45}},"4":{"start":{"line":105,"column":2},"end":{"line":105,"column":43}},"5":{"start":{"line":106,"column":2},"end":{"line":106,"column":45}},"6":{"start":{"line":107,"column":2},"end":{"line":107,"column":44}},"7":{"start":{"line":108,"column":2},"end":{"line":108,"column":45}},"8":{"start":{"line":109,"column":2},"end":{"line":109,"column":44}},"9":{"start":{"line":110,"column":2},"end":{"line":110,"column":37}},"10":{"start":{"line":111,"column":2},"end":{"line":111,"column":46}},"11":{"start":{"line":112,"column":2},"end":{"line":112,"column":34}},"12":{"start":{"line":115,"column":2},"end":{"line":115,"column":64}},"13":{"start":{"line":118,"column":2},"end":{"line":118,"column":50}},"14":{"start":{"line":121,"column":2},"end":{"line":121,"column":47}},"15":{"start":{"line":124,"column":2},"end":{"line":124,"column":64}},"16":{"start":{"line":127,"column":2},"end":{"line":127,"column":50}},"17":{"start":{"line":132,"column":2},"end":{"line":132,"column":55}}},"branchMap":{},"code":["/* jshint node: true */","","module.exports = function(grunt) {","  \"use strict\";","","  // Project configuration.","  grunt.initConfig({","","    // Metadata.","    pkg: grunt.file.readJSON('package.json'),","    banner: '/*!\\n' +","            ' * Validator v<%= pkg.version %> for Bootstrap 3, by @1000hz\\n' +","            ' * Copyright <%= grunt.template.today(\"yyyy\") %> <%= pkg.author %>\\n' +","            ' * Licensed under <%= _.pluck(pkg.licenses, \"url\").join(\", \") %>\\n' +","            ' *\\n' +","            ' * https://github.com/1000hz/bootstrap-validator\\n' +","            ' */\\n\\n',","","    // Task configuration.","    jshint: {","      options: {","        jshintrc: 'js/.jshintrc'","      },","      gruntfile: {","        src: 'Gruntfile.js'","      },","      src: {","        src: ['js/*.js']","      },","      test: {","        src: ['js/tests/unit/*.js']","      }","    },","","    concat: {","      options: {","        banner: '<%= banner %>',","        stripBanners: true","      },","      dist: {","        src: ['js/validator.js'],","        dest: 'dist/validator.js'","      }","    },","","    copy: {","      docs: {","        expand: true,","        cwd: './dist',","        src: '*',","        dest: 'docs/dist'","      }","    },","","    uglify: {","      options: {","        banner: '<%= banner %>',","        report: 'min'","      },","      min: {","        src: ['js/validator.js'],","        dest: 'dist/validator.min.js'","      }","    },","","    qunit: {","      options: {","        inject: 'js/tests/unit/phantom.js'","      },","      files: ['js/tests/*.html']","    },","","    watch: {","      src: {","        files: '<%= jshint.src.src %>',","        tasks: ['jshint:src', 'qunit']","      },","      test: {","        files: '<%= jshint.test.src %>',","        tasks: ['jshint:test', 'qunit']","      }","    },","","    jekyll: {","      docs: {}","    },","","    validation: {","      options: {","        reset: true,","        relaxerror: [","          \"Bad value X-UA-Compatible for attribute http-equiv on element meta.\",","          \"Element img is missing required attribute src.\"","        ]","      },","      files: {","        src: [\"_gh_pages/**/*.html\"]","      }","    }","  });","","","  // These plugins provide necessary tasks.","  grunt.loadNpmTasks('grunt-contrib-concat');","  grunt.loadNpmTasks('grunt-contrib-copy');","  grunt.loadNpmTasks('grunt-contrib-jshint');","  grunt.loadNpmTasks('grunt-contrib-qunit');","  grunt.loadNpmTasks('grunt-contrib-uglify');","  grunt.loadNpmTasks('grunt-contrib-watch');","  grunt.loadNpmTasks('grunt-jekyll');","  grunt.loadNpmTasks('grunt-html-validation');","  grunt.loadNpmTasks('grunt-sed');","","  // Docs HTML validation task","  grunt.registerTask('validate-html', ['jekyll', 'validation']);","","  // Test task.","  grunt.registerTask('test', ['jshint', 'qunit']);","","  // Docs distribution task.","  grunt.registerTask('dist-docs', 'copy:docs');","","  // Distribution task.","  grunt.registerTask('dist', ['concat', 'uglify', 'dist-docs']);","","  // Default task.","  grunt.registerTask('default', ['test', 'dist']);","","  // Version numbering task.","  // grunt change-version-number --oldver=A.B.C --newver=X.Y.Z","  // This can be overzealous, so its changes should always be manually reviewed!","  grunt.registerTask('change-version-number', ['sed']);","};"],"l":{"3":1,"7":0,"104":0,"105":0,"106":0,"107":0,"108":0,"109":0,"110":0,"111":0,"112":0,"115":0,"118":0,"121":0,"124":0,"127":0,"132":0}}}